{"/Users/amarxer/git/blogs-code/vite-react-ts-shadcn-ui/src/core/hooks/use-configuration.ts":{"path":"/Users/amarxer/git/blogs-code/vite-react-ts-shadcn-ui/src/core/hooks/use-configuration.ts","statementMap":{"0":{"start":{"line":2,"column":19},"end":{"line":8,"column":1}},"1":{"start":{"line":9,"column":25},"end":{"line":36,"column":1}},"2":{"start":{"line":10,"column":32},"end":{"line":10,"column":52}},"3":{"start":{"line":11,"column":34},"end":{"line":11,"column":48}},"4":{"start":{"line":12,"column":4},"end":{"line":31,"column":11}},"5":{"start":{"line":13,"column":34},"end":{"line":28,"column":9}},"6":{"start":{"line":14,"column":12},"end":{"line":25,"column":13}},"7":{"start":{"line":15,"column":16},"end":{"line":22,"column":17}},"8":{"start":{"line":16,"column":37},"end":{"line":16,"column":81}},"9":{"start":{"line":17,"column":33},"end":{"line":17,"column":54}},"10":{"start":{"line":18,"column":20},"end":{"line":20,"column":21}},"11":{"start":{"line":19,"column":24},"end":{"line":19,"column":69}},"12":{"start":{"line":21,"column":20},"end":{"line":21,"column":57}},"13":{"start":{"line":24,"column":16},"end":{"line":24,"column":69}},"14":{"start":{"line":26,"column":12},"end":{"line":26,"column":34}},"15":{"start":{"line":27,"column":12},"end":{"line":27,"column":30}},"16":{"start":{"line":30,"column":8},"end":{"line":30,"column":33}},"17":{"start":{"line":32,"column":4},"end":{"line":35,"column":6}}},"fnMap":{"0":{"name":"(anonymous_0)","decl":{"start":{"line":9,"column":25},"end":{"line":9,"column":26}},"loc":{"start":{"line":9,"column":29},"end":{"line":36,"column":1}},"line":9},"1":{"name":"(anonymous_1)","decl":{"start":{"line":12,"column":14},"end":{"line":12,"column":15}},"loc":{"start":{"line":12,"column":18},"end":{"line":31,"column":5}},"line":12},"2":{"name":"(anonymous_2)","decl":{"start":{"line":13,"column":34},"end":{"line":13,"column":35}},"loc":{"start":{"line":13,"column":44},"end":{"line":28,"column":9}},"line":13}},"branchMap":{"0":{"loc":{"start":{"line":15,"column":16},"end":{"line":22,"column":17}},"type":"if","locations":[{"start":{"line":15,"column":16},"end":{"line":22,"column":17}},{"start":{},"end":{}}],"line":15},"1":{"loc":{"start":{"line":18,"column":20},"end":{"line":20,"column":21}},"type":"if","locations":[{"start":{"line":18,"column":20},"end":{"line":20,"column":21}},{"start":{},"end":{}}],"line":18}},"s":{"0":1,"1":1,"2":8,"3":8,"4":8,"5":4,"6":4,"7":4,"8":0,"9":0,"10":0,"11":0,"12":0,"13":0,"14":4,"15":4,"16":4,"17":8},"f":{"0":8,"1":4,"2":4},"b":{"0":[0,4],"1":[0,0]},"inputSourceMap":{"version":3,"sources":["/Users/amarxer/git/blogs-code/vite-react-ts-shadcn-ui/src/core/hooks/use-configuration.ts"],"names":["useEffect","useState","baseConfig","name","foundingYear","version","env","VITE_REACT_APP_VERSION","mode","MODE","apiUri","VITE_API_URI","useConfiguration","config","setConfig","loading","setLoading","loadConfiguration","response","fetch","data","json","Error","apiVersion","error","console"],"mappings":"AAAA,SAASA,SAAS,EAAEC,QAAQ,QAAQ,QAAQ;AAU5C,MAAMC,aAAwB;IAC5BC,MAAM;IACNC,cAAc;IACdC,SAAS,YAAYC,GAAG,CAACC,sBAAsB;IAC/CC,MAAM,YAAYF,GAAG,CAACG,IAAI;IAC1BC,QAAQ,YAAYJ,GAAG,CAACK,YAAY;AACtC;AAMA,MAAMC,mBAAmB;IACvB,MAAM,CAACC,QAAQC,UAAU,GAAGb,SAAoBC;IAChD,MAAM,CAACa,SAASC,WAAW,GAAGf,SAAS;IAEvCD,UAAU;QACR,MAAMiB,oBAAoB;YACxB,IAAI;gBACF,IAAIf,WAAWQ,MAAM,EAAE;oBACrB,MAAMQ,WAAW,MAAMC,MAAM,GAAGjB,WAAWQ,MAAM,CAAC,SAAS,CAAC;oBAC5D,MAAMU,OAAQ,MAAMF,SAASG,IAAI;oBACjC,IAAI,CAACD,MAAMf,SAAS;wBAClB,MAAM,IAAIiB,MAAM;oBAClB;oBACApB,WAAWqB,UAAU,GAAGH,KAAKf,OAAO;gBACtC;YACF,EAAE,OAAOmB,OAAO;gBACdC,QAAQD,KAAK,CAAC,gCAAgCA;YAChD;YACAV,UAAUZ;YACVc,WAAW;QACb;QAEA,yDAAyD;QACzD,KAAKC;IACP,GAAG,EAAE;IAEL,OAAO;QAAEJ;QAAQE;IAAQ;AAC3B;AAEA,eAAeH,iBAAiB"},"_coverageSchema":"1a1c01bbd47fc00a2c39e90264f33305004495a9","hash":"e8ae4a8622a4ee89a39c3c2e521436aae1ab0604"},"/Users/amarxer/git/blogs-code/vite-react-ts-shadcn-ui/src/lib/utils.ts":{"path":"/Users/amarxer/git/blogs-code/vite-react-ts-shadcn-ui/src/lib/utils.ts","statementMap":{"0":{"start":{"line":4,"column":4},"end":{"line":4,"column":33}},"1":{"start":{"line":7,"column":4},"end":{"line":7,"column":45}}},"fnMap":{"0":{"name":"cn","decl":{"start":{"line":3,"column":16},"end":{"line":3,"column":18}},"loc":{"start":{"line":3,"column":30},"end":{"line":5,"column":1}},"line":3},"1":{"name":"isStringNullOrEmpty","decl":{"start":{"line":6,"column":16},"end":{"line":6,"column":35}},"loc":{"start":{"line":6,"column":45},"end":{"line":8,"column":1}},"line":6}},"branchMap":{"0":{"loc":{"start":{"line":7,"column":11},"end":{"line":7,"column":44}},"type":"binary-expr","locations":[{"start":{"line":7,"column":11},"end":{"line":7,"column":19}},{"start":{"line":7,"column":23},"end":{"line":7,"column":44}}],"line":7}},"s":{"0":94,"1":4},"f":{"0":94,"1":4},"b":{"0":[4,0]},"inputSourceMap":{"version":3,"sources":["/Users/amarxer/git/blogs-code/vite-react-ts-shadcn-ui/src/lib/utils.ts"],"names":["clsx","twMerge","cn","inputs","isStringNullOrEmpty","string_","trim"],"mappings":"AAEA,SAASA,IAAI,QAAQ,OAAO;AAC5B,SAASC,OAAO,QAAQ,iBAAiB;AAEzC,OAAO,SAASC,GAAG,GAAGC,MAAoB;IACxC,OAAOF,QAAQD,KAAKG;AACtB;AAEA,OAAO,SAASC,oBAAoBC,OAAuB;IACzD,OAAO,CAACA,WAAWA,QAAQC,IAAI,OAAO;AACxC"},"_coverageSchema":"1a1c01bbd47fc00a2c39e90264f33305004495a9","hash":"8dfa5edc2c75817e714dea4e2c1569573183ac93"},"/Users/amarxer/git/blogs-code/vite-react-ts-shadcn-ui/src/core/components/ui/skeleton.tsx":{"path":"/Users/amarxer/git/blogs-code/vite-react-ts-shadcn-ui/src/core/components/ui/skeleton.tsx","statementMap":{"0":{"start":{"line":2,"column":20},"end":{"line":2,"column":97}},"1":{"start":{"line":7,"column":0},"end":{"line":18,"column":1}},"2":{"start":{"line":8,"column":2},"end":{"line":12,"column":3}},"3":{"start":{"line":9,"column":4},"end":{"line":11,"column":6}},"4":{"start":{"line":14,"column":2},"end":{"line":14,"column":39}},"5":{"start":{"line":15,"column":2},"end":{"line":15,"column":39}},"6":{"start":{"line":16,"column":2},"end":{"line":16,"column":146}},"7":{"start":{"line":17,"column":2},"end":{"line":17,"column":75}},"8":{"start":{"line":23,"column":4},"end":{"line":30,"column":13}},"9":{"start":{"line":32,"column":0},"end":{"line":32,"column":14}},"10":{"start":{"line":35,"column":0},"end":{"line":35,"column":29}},"11":{"start":{"line":38,"column":0},"end":{"line":41,"column":1}},"12":{"start":{"line":39,"column":2},"end":{"line":39,"column":39}},"13":{"start":{"line":40,"column":2},"end":{"line":40,"column":39}},"14":{"start":{"line":44,"column":0},"end":{"line":53,"column":1}},"15":{"start":{"line":45,"column":2},"end":{"line":52,"column":5}},"16":{"start":{"line":46,"column":4},"end":{"line":46,"column":159}},"17":{"start":{"line":47,"column":4},"end":{"line":51,"column":7}},"18":{"start":{"line":48,"column":6},"end":{"line":48,"column":31}},"19":{"start":{"line":48,"column":24},"end":{"line":48,"column":31}},"20":{"start":{"line":49,"column":32},"end":{"line":49,"column":208}},"21":{"start":{"line":50,"column":6},"end":{"line":50,"column":75}},"22":{"start":{"line":50,"column":29},"end":{"line":50,"column":75}}},"fnMap":{"0":{"name":"Skeleton","decl":{"start":{"line":22,"column":9},"end":{"line":22,"column":17}},"loc":{"start":{"line":22,"column":48},"end":{"line":31,"column":1}},"line":22},"1":{"name":"(anonymous_1)","decl":{"start":{"line":45,"column":52},"end":{"line":45,"column":53}},"loc":{"start":{"line":45,"column":72},"end":{"line":52,"column":3}},"line":45},"2":{"name":"(anonymous_2)","decl":{"start":{"line":47,"column":27},"end":{"line":47,"column":28}},"loc":{"start":{"line":47,"column":44},"end":{"line":51,"column":5}},"line":47}},"branchMap":{"0":{"loc":{"start":{"line":2,"column":20},"end":{"line":2,"column":97}},"type":"binary-expr","locations":[{"start":{"line":2,"column":20},"end":{"line":2,"column":60}},{"start":{"line":2,"column":64},"end":{"line":2,"column":97}}],"line":2},"1":{"loc":{"start":{"line":7,"column":0},"end":{"line":18,"column":1}},"type":"if","locations":[{"start":{"line":7,"column":0},"end":{"line":18,"column":1}},{"start":{},"end":{}}],"line":7},"2":{"loc":{"start":{"line":7,"column":4},"end":{"line":7,"column":35}},"type":"binary-expr","locations":[{"start":{"line":7,"column":4},"end":{"line":7,"column":19}},{"start":{"line":7,"column":23},"end":{"line":7,"column":35}}],"line":7},"3":{"loc":{"start":{"line":8,"column":2},"end":{"line":12,"column":3}},"type":"if","locations":[{"start":{"line":8,"column":2},"end":{"line":12,"column":3}},{"start":{},"end":{}}],"line":8},"4":{"loc":{"start":{"line":38,"column":0},"end":{"line":41,"column":1}},"type":"if","locations":[{"start":{"line":38,"column":0},"end":{"line":41,"column":1}},{"start":{},"end":{}}],"line":38},"5":{"loc":{"start":{"line":38,"column":4},"end":{"line":38,"column":35}},"type":"binary-expr","locations":[{"start":{"line":38,"column":4},"end":{"line":38,"column":19}},{"start":{"line":38,"column":23},"end":{"line":38,"column":35}}],"line":38},"6":{"loc":{"start":{"line":44,"column":0},"end":{"line":53,"column":1}},"type":"if","locations":[{"start":{"line":44,"column":0},"end":{"line":53,"column":1}},{"start":{},"end":{}}],"line":44},"7":{"loc":{"start":{"line":44,"column":4},"end":{"line":44,"column":35}},"type":"binary-expr","locations":[{"start":{"line":44,"column":4},"end":{"line":44,"column":19}},{"start":{"line":44,"column":23},"end":{"line":44,"column":35}}],"line":44},"8":{"loc":{"start":{"line":48,"column":6},"end":{"line":48,"column":31}},"type":"if","locations":[{"start":{"line":48,"column":6},"end":{"line":48,"column":31}},{"start":{},"end":{}}],"line":48},"9":{"loc":{"start":{"line":50,"column":6},"end":{"line":50,"column":75}},"type":"if","locations":[{"start":{"line":50,"column":6},"end":{"line":50,"column":75}},{"start":{},"end":{}}],"line":50}},"s":{"0":1,"1":1,"2":1,"3":0,"4":1,"5":1,"6":1,"7":1,"8":2,"9":1,"10":1,"11":1,"12":1,"13":1,"14":1,"15":1,"16":1,"17":1,"18":0,"19":0,"20":0,"21":0,"22":0},"f":{"0":2,"1":1,"2":0},"b":{"0":[1,0],"1":[1,0],"2":[1,1],"3":[0,1],"4":[1,0],"5":[1,1],"6":[1,0],"7":[1,1],"8":[0,0],"9":[0,0]},"inputSourceMap":{"version":3,"sources":["/Users/amarxer/git/blogs-code/vite-react-ts-shadcn-ui/src/core/components/ui/skeleton.tsx"],"names":["cn","Skeleton","className","properties","div"],"mappings":";;;;;;;;;;;;;;;;;;;;AAAA,SAASA,EAAE,QAAQ,cAAc;AAEjC,SAASC,SAAS,EAAEC,SAAS,EAAE,GAAGC,YAAkD;IAClF,qBAAO,QAACC;QAAIF,WAAWF,GAAG,qCAAqCE;QAAa,GAAGC,UAAU;;;;;;AAC3F;KAFSF;AAIT,SAASA,QAAQ,GAAG"},"_coverageSchema":"1a1c01bbd47fc00a2c39e90264f33305004495a9","hash":"fdfee1bb497f755a107a1201c9668c740e8ecd65"},"/Users/amarxer/git/blogs-code/vite-react-ts-shadcn-ui/src/core/components/footer/config/marketing.ts":{"path":"/Users/amarxer/git/blogs-code/vite-react-ts-shadcn-ui/src/core/components/footer/config/marketing.ts","statementMap":{"0":{"start":{"line":5,"column":18},"end":{"line":22,"column":1}}},"fnMap":{},"branchMap":{},"s":{"0":1},"f":{},"b":{},"inputSourceMap":{"version":3,"sources":["/Users/amarxer/git/blogs-code/vite-react-ts-shadcn-ui/src/core/components/footer/config/marketing.ts"],"names":["FacebookIcon","GithubIcon","LinkedInIcon","XIcon","marketing","icon","url"],"mappings":"AAAA,OAAOA,kBAAkB,oCAAoC;AAC7D,OAAOC,gBAAgB,kCAAkC;AACzD,OAAOC,kBAAkB,oCAAoC;AAC7D,OAAOC,WAAW,6BAA6B;AAE/C,MAAMC,YAGA;IACJ;QACEC,MAAML;QACNM,KAAK;IACP;IACA;QACED,MAAMH;QACNI,KAAK;IACP;IACA;QACED,MAAMJ;QACNK,KAAK;IACP;IACA;QACED,MAAMF;QACNG,KAAK;IACP;CACD;AAED,eAAeF,UAAU"},"_coverageSchema":"1a1c01bbd47fc00a2c39e90264f33305004495a9","hash":"49df2e3a2e17d41e17af3b5941eedf8556659738"},"/Users/amarxer/git/blogs-code/vite-react-ts-shadcn-ui/src/core/components/footer/config/sections.ts":{"path":"/Users/amarxer/git/blogs-code/vite-react-ts-shadcn-ui/src/core/components/footer/config/sections.ts","statementMap":{"0":{"start":{"line":1,"column":17},"end":{"line":57,"column":1}}},"fnMap":{},"branchMap":{},"s":{"0":1},"f":{},"b":{},"inputSourceMap":{"version":3,"sources":["/Users/amarxer/git/blogs-code/vite-react-ts-shadcn-ui/src/core/components/footer/config/sections.ts"],"names":["sections","label","items","url"],"mappings":"AAAA,MAAMA,WAAW;IACf;QACEC,OAAO;QACPC,OAAO;YACL;gBACED,OAAO;gBACPE,KAAK;YACP;YACA;gBACEF,OAAO;gBACPE,KAAK;YACP;YACA;gBACEF,OAAO;gBACPE,KAAK;YACP;SACD;IACH;IACA;QACEF,OAAO;QACPC,OAAO;YACL;gBACED,OAAO;gBACPE,KAAK;YACP;YACA;gBACEF,OAAO;gBACPE,KAAK;YACP;YACA;gBACEF,OAAO;gBACPE,KAAK;YACP;YACA;gBACEF,OAAO;gBACPE,KAAK;YACP;SACD;IACH;IACA;QACEF,OAAO;QACPC,OAAO;YACL;gBACED,OAAO;gBACPE,KAAK;YACP;YACA;gBACEF,OAAO;gBACPE,KAAK;YACP;YACA;gBACEF,OAAO;gBACPE,KAAK;YACP;SACD;IACH;CACD;AAED,eAAeH,SAAS"},"_coverageSchema":"1a1c01bbd47fc00a2c39e90264f33305004495a9","hash":"101daef23161eaac159cee4aaa611a82567e5e4c"},"/Users/amarxer/git/blogs-code/vite-react-ts-shadcn-ui/src/core/components/footer/footer.tsx":{"path":"/Users/amarxer/git/blogs-code/vite-react-ts-shadcn-ui/src/core/components/footer/footer.tsx","statementMap":{"0":{"start":{"line":2,"column":20},"end":{"line":2,"column":97}},"1":{"start":{"line":7,"column":0},"end":{"line":18,"column":1}},"2":{"start":{"line":8,"column":2},"end":{"line":12,"column":3}},"3":{"start":{"line":9,"column":4},"end":{"line":11,"column":6}},"4":{"start":{"line":14,"column":2},"end":{"line":14,"column":39}},"5":{"start":{"line":15,"column":2},"end":{"line":15,"column":39}},"6":{"start":{"line":16,"column":2},"end":{"line":16,"column":148}},"7":{"start":{"line":17,"column":2},"end":{"line":17,"column":75}},"8":{"start":{"line":21,"column":9},"end":{"line":21,"column":23}},"9":{"start":{"line":29,"column":4},"end":{"line":29,"column":9}},"10":{"start":{"line":30,"column":32},"end":{"line":30,"column":50}},"11":{"start":{"line":31,"column":24},"end":{"line":31,"column":48}},"12":{"start":{"line":32,"column":34},"end":{"line":35,"column":5}},"13":{"start":{"line":33,"column":8},"end":{"line":33,"column":76}},"14":{"start":{"line":33,"column":49},"end":{"line":33,"column":76}},"15":{"start":{"line":34,"column":8},"end":{"line":34,"column":57}},"16":{"start":{"line":36,"column":4},"end":{"line":239,"column":13}},"17":{"start":{"line":53,"column":74},"end":{"line":75,"column":40}},"18":{"start":{"line":97,"column":40},"end":{"line":137,"column":49}},"19":{"start":{"line":111,"column":56},"end":{"line":125,"column":65}},"20":{"start":{"line":241,"column":0},"end":{"line":245,"column":3}},"21":{"start":{"line":242,"column":4},"end":{"line":244,"column":6}},"22":{"start":{"line":246,"column":0},"end":{"line":246,"column":12}},"23":{"start":{"line":248,"column":0},"end":{"line":248,"column":27}},"24":{"start":{"line":251,"column":0},"end":{"line":254,"column":1}},"25":{"start":{"line":252,"column":2},"end":{"line":252,"column":39}},"26":{"start":{"line":253,"column":2},"end":{"line":253,"column":39}},"27":{"start":{"line":257,"column":0},"end":{"line":266,"column":1}},"28":{"start":{"line":258,"column":2},"end":{"line":265,"column":5}},"29":{"start":{"line":259,"column":4},"end":{"line":259,"column":161}},"30":{"start":{"line":260,"column":4},"end":{"line":264,"column":7}},"31":{"start":{"line":261,"column":6},"end":{"line":261,"column":31}},"32":{"start":{"line":261,"column":24},"end":{"line":261,"column":31}},"33":{"start":{"line":262,"column":32},"end":{"line":262,"column":210}},"34":{"start":{"line":263,"column":6},"end":{"line":263,"column":75}},"35":{"start":{"line":263,"column":29},"end":{"line":263,"column":75}}},"fnMap":{"0":{"name":"Footer","decl":{"start":{"line":28,"column":24},"end":{"line":28,"column":30}},"loc":{"start":{"line":28,"column":33},"end":{"line":240,"column":1}},"line":28},"1":{"name":"(anonymous_1)","decl":{"start":{"line":32,"column":34},"end":{"line":32,"column":35}},"loc":{"start":{"line":32,"column":38},"end":{"line":35,"column":5}},"line":32},"2":{"name":"(anonymous_2)","decl":{"start":{"line":53,"column":52},"end":{"line":53,"column":53}},"loc":{"start":{"line":53,"column":74},"end":{"line":75,"column":40}},"line":53},"3":{"name":"(anonymous_3)","decl":{"start":{"line":96,"column":59},"end":{"line":96,"column":60}},"loc":{"start":{"line":96,"column":70},"end":{"line":138,"column":37}},"line":96},"4":{"name":"(anonymous_4)","decl":{"start":{"line":110,"column":80},"end":{"line":110,"column":81}},"loc":{"start":{"line":110,"column":88},"end":{"line":126,"column":53}},"line":110},"5":{"name":"(anonymous_5)","decl":{"start":{"line":241,"column":50},"end":{"line":241,"column":51}},"loc":{"start":{"line":241,"column":61},"end":{"line":245,"column":1}},"line":241},"6":{"name":"(anonymous_6)","decl":{"start":{"line":258,"column":52},"end":{"line":258,"column":53}},"loc":{"start":{"line":258,"column":72},"end":{"line":265,"column":3}},"line":258},"7":{"name":"(anonymous_7)","decl":{"start":{"line":260,"column":27},"end":{"line":260,"column":28}},"loc":{"start":{"line":260,"column":44},"end":{"line":264,"column":5}},"line":260}},"branchMap":{"0":{"loc":{"start":{"line":2,"column":20},"end":{"line":2,"column":97}},"type":"binary-expr","locations":[{"start":{"line":2,"column":20},"end":{"line":2,"column":60}},{"start":{"line":2,"column":64},"end":{"line":2,"column":97}}],"line":2},"1":{"loc":{"start":{"line":7,"column":0},"end":{"line":18,"column":1}},"type":"if","locations":[{"start":{"line":7,"column":0},"end":{"line":18,"column":1}},{"start":{},"end":{}}],"line":7},"2":{"loc":{"start":{"line":7,"column":4},"end":{"line":7,"column":35}},"type":"binary-expr","locations":[{"start":{"line":7,"column":4},"end":{"line":7,"column":19}},{"start":{"line":7,"column":23},"end":{"line":7,"column":35}}],"line":7},"3":{"loc":{"start":{"line":8,"column":2},"end":{"line":12,"column":3}},"type":"if","locations":[{"start":{"line":8,"column":2},"end":{"line":12,"column":3}},{"start":{},"end":{}}],"line":8},"4":{"loc":{"start":{"line":33,"column":8},"end":{"line":33,"column":76}},"type":"if","locations":[{"start":{"line":33,"column":8},"end":{"line":33,"column":76}},{"start":{},"end":{}}],"line":33},"5":{"loc":{"start":{"line":180,"column":48},"end":{"line":200,"column":64}},"type":"binary-expr","locations":[{"start":{"line":180,"column":48},"end":{"line":180,"column":83}},{"start":{"line":180,"column":101},"end":{"line":200,"column":64}}],"line":180},"6":{"loc":{"start":{"line":183,"column":56},"end":{"line":198,"column":64}},"type":"cond-expr","locations":[{"start":{"line":183,"column":80},"end":{"line":189,"column":64}},{"start":{"line":189,"column":81},"end":{"line":198,"column":64}}],"line":183},"7":{"loc":{"start":{"line":192,"column":65},"end":{"line":192,"column":91}},"type":"binary-expr","locations":[{"start":{"line":192,"column":65},"end":{"line":192,"column":82}},{"start":{"line":192,"column":86},"end":{"line":192,"column":91}}],"line":192},"8":{"loc":{"start":{"line":251,"column":0},"end":{"line":254,"column":1}},"type":"if","locations":[{"start":{"line":251,"column":0},"end":{"line":254,"column":1}},{"start":{},"end":{}}],"line":251},"9":{"loc":{"start":{"line":251,"column":4},"end":{"line":251,"column":35}},"type":"binary-expr","locations":[{"start":{"line":251,"column":4},"end":{"line":251,"column":19}},{"start":{"line":251,"column":23},"end":{"line":251,"column":35}}],"line":251},"10":{"loc":{"start":{"line":257,"column":0},"end":{"line":266,"column":1}},"type":"if","locations":[{"start":{"line":257,"column":0},"end":{"line":266,"column":1}},{"start":{},"end":{}}],"line":257},"11":{"loc":{"start":{"line":257,"column":4},"end":{"line":257,"column":35}},"type":"binary-expr","locations":[{"start":{"line":257,"column":4},"end":{"line":257,"column":19}},{"start":{"line":257,"column":23},"end":{"line":257,"column":35}}],"line":257},"12":{"loc":{"start":{"line":261,"column":6},"end":{"line":261,"column":31}},"type":"if","locations":[{"start":{"line":261,"column":6},"end":{"line":261,"column":31}},{"start":{},"end":{}}],"line":261},"13":{"loc":{"start":{"line":263,"column":6},"end":{"line":263,"column":75}},"type":"if","locations":[{"start":{"line":263,"column":6},"end":{"line":263,"column":75}},{"start":{},"end":{}}],"line":263}},"s":{"0":1,"1":1,"2":1,"3":0,"4":1,"5":1,"6":1,"7":1,"8":1,"9":4,"10":4,"11":4,"12":4,"13":4,"14":0,"15":4,"16":4,"17":16,"18":12,"19":40,"20":1,"21":1,"22":1,"23":1,"24":1,"25":1,"26":1,"27":1,"28":1,"29":1,"30":1,"31":0,"32":0,"33":0,"34":0,"35":0},"f":{"0":4,"1":4,"2":16,"3":12,"4":40,"5":1,"6":1,"7":0},"b":{"0":[1,0],"1":[1,0],"2":[1,1],"3":[0,1],"4":[0,4],"5":[4,0],"6":[0,0],"7":[0,0],"8":[1,0],"9":[1,1],"10":[1,0],"11":[1,1],"12":[0,0],"13":[0,0]},"inputSourceMap":{"version":3,"sources":["/Users/amarxer/git/blogs-code/vite-react-ts-shadcn-ui/src/core/components/footer/footer.tsx"],"names":["useConfiguration","cn","isStringNullOrEmpty","Skeleton","marketing","sections","styles","Footer","config","loading","currentYear","Date","getFullYear","getCopyrightYearRange","foundingYear","footer","className","div","ul","map","item","li","a","href","url","rel","target","icon","section","p","label","items","name","env","VITE_REACT_APP_VERSION","apiUri","apiVersion","replace"],"mappings":";;;;;;;;;;;;;;;;;;;;;AAAA,OAAOA,sBAAsB,iCAAiC;AAC9D,SAASC,EAAE,EAAEC,mBAAmB,QAAQ,cAAc;AAEtD,SAASC,QAAQ,QAAQ,iBAAiB;AAC1C,OAAOC,eAAe,qBAAqB;AAC3C,OAAOC,cAAc,oBAAoB;AACzC,OAAOC,YAAY,sBAAsB;AAEzC,eAAe,SAASC;;IACtB,MAAM,EAAEC,MAAM,EAAEC,OAAO,EAAE,GAAGT;IAE5B,MAAMU,cAAc,IAAIC,OAAOC,WAAW;IAE1C,MAAMC,wBAAwB;QAC5B,IAAIL,OAAOM,YAAY,KAAKJ,aAAa,OAAOF,OAAOM,YAAY;QACnE,OAAO,GAAGN,OAAOM,YAAY,CAAC,GAAG,EAAEJ,aAAa;IAClD;IAEA,qBACE,QAACK;QACCC,WAAWf,GAAGK,OAAOS,MAAM,EAAE;kBAE7B,cAAA,QAACE;YAAID,WAAU;;8BAEb,QAACC;oBAAID,WAAU;;sCACb,QAACC;4BAAID,WAAU;;;;;;sCAEf,QAACE;4BAAGF,WAAU;sCACXZ,UAAUe,GAAG,CAAC,CAACC,qBACd,QAACC;8CACC,cAAA,QAACC;wCACCC,MAAMH,KAAKI,GAAG;wCACdC,KAAI;wCACJC,QAAO;wCACPV,WAAU;kDAEV,cAAA,QAACI,KAAKO,IAAI;4CAACX,WAAU;;;;;;;;;;;mCAPhBI,KAAKI,GAAG;;;;;;;;;;;;;;;;8BAevB,QAACP;oBAAID,WAAU;8BACb,cAAA,QAACC;wBAAID,WAAU;;0CAEb,QAACC;gCAAID,WAAU;0CACb,cAAA,QAACC;oCAAID,WAAU;8CACZX,SAASc,GAAG,CAAC,CAACS;wCACb,qBACE,QAACX;4CAAwBD,WAAU;;8DACjC,QAACa;oDAAEb,WAAU;8DACVY,QAAQE,KAAK;;;;;;8DAEhB,QAACZ;oDAAGF,WAAU;8DACXY,QAAQG,KAAK,CAACZ,GAAG,CAAC,CAACC;wDAClB,qBACE,QAACC;sEACC,cAAA,QAACC;gEACCN,WAAU;gEACVO,MAAMH,KAAKI,GAAG;0EAEbJ,KAAKU,KAAK;;;;;;2DALNV,KAAKU,KAAK;;;;;oDASvB;;;;;;;2CAhBMF,QAAQE,KAAK;;;;;oCAoB3B;;;;;;;;;;;0CAKJ,QAACb;gCAAID,WAAU;;kDACb,QAACa;wCAAEb,WAAU;;4CACVR,OAAOwB,IAAI;4CAAC;4CAASnB;4CAAwB;;;;;;;kDAIhD,QAACI;wCAAID,WAAU;kDACb,cAAA,QAACC;4CAAID,WAAU;;8DAEb,QAACa;;wDAAE;wDAAM,YAAYI,GAAG,CAACC,sBAAsB;;;;;;;gDAI9C,CAAChC,oBAAoBM,OAAO2B,MAAM,mBACjC;;wDACG;wDACA1B,wBACC,QAACN;4DAASa,WAAU;;;;;iFAEpB,QAACa;;gEAAE;gEAAOrB,CAAAA,OAAO4B,UAAU,IAAI,KAAI,EAAGC,OAAO,CAAC,KAAK;;;;;;;;;;;;;;;;;;;;;;;;;;;;;;;;;;;;;;;;;;;;;;;;AAY3E;GAnGwB9B;;QACMP;;;KADNO"},"_coverageSchema":"1a1c01bbd47fc00a2c39e90264f33305004495a9","hash":"bf3d901bbbc092f5a7f2873f3218d673e396fc9f"},"/Users/amarxer/git/blogs-code/vite-react-ts-shadcn-ui/src/core/hooks/use-scroll-position.ts":{"path":"/Users/amarxer/git/blogs-code/vite-react-ts-shadcn-ui/src/core/hooks/use-scroll-position.ts","statementMap":{"0":{"start":{"line":2,"column":18},"end":{"line":2,"column":51}},"1":{"start":{"line":3,"column":21},"end":{"line":6,"column":1}},"2":{"start":{"line":7,"column":22},"end":{"line":7,"column":65}},"3":{"start":{"line":7,"column":33},"end":{"line":7,"column":65}},"4":{"start":{"line":8,"column":26},"end":{"line":30,"column":1}},"5":{"start":{"line":9,"column":4},"end":{"line":11,"column":5}},"6":{"start":{"line":10,"column":8},"end":{"line":10,"column":28}},"7":{"start":{"line":12,"column":4},"end":{"line":17,"column":5}},"8":{"start":{"line":13,"column":8},"end":{"line":16,"column":10}},"9":{"start":{"line":18,"column":27},"end":{"line":18,"column":75}},"10":{"start":{"line":19,"column":30},"end":{"line":19,"column":69}},"11":{"start":{"line":20,"column":4},"end":{"line":22,"column":5}},"12":{"start":{"line":21,"column":8},"end":{"line":21,"column":28}},"13":{"start":{"line":23,"column":4},"end":{"line":29,"column":6}},"14":{"start":{"line":39,"column":33},"end":{"line":90,"column":1}},"15":{"start":{"line":40,"column":21},"end":{"line":43,"column":7}},"16":{"start":{"line":44,"column":37},"end":{"line":44,"column":54}},"17":{"start":{"line":45,"column":21},"end":{"line":57,"column":5}},"18":{"start":{"line":46,"column":27},"end":{"line":50,"column":10}},"19":{"start":{"line":51,"column":8},"end":{"line":54,"column":11}},"20":{"start":{"line":55,"column":8},"end":{"line":55,"column":38}},"21":{"start":{"line":56,"column":8},"end":{"line":56,"column":53}},"22":{"start":{"line":58,"column":4},"end":{"line":89,"column":13}},"23":{"start":{"line":59,"column":29},"end":{"line":66,"column":9}},"24":{"start":{"line":60,"column":12},"end":{"line":65,"column":13}},"25":{"start":{"line":62,"column":16},"end":{"line":62,"column":158}},"26":{"start":{"line":64,"column":16},"end":{"line":64,"column":27}},"27":{"start":{"line":67,"column":8},"end":{"line":75,"column":9}},"28":{"start":{"line":68,"column":12},"end":{"line":70,"column":15}},"29":{"start":{"line":72,"column":12},"end":{"line":74,"column":15}},"30":{"start":{"line":76,"column":8},"end":{"line":87,"column":10}},"31":{"start":{"line":77,"column":12},"end":{"line":83,"column":13}},"32":{"start":{"line":78,"column":16},"end":{"line":78,"column":85}},"33":{"start":{"line":80,"column":16},"end":{"line":80,"column":52}},"34":{"start":{"line":82,"column":16},"end":{"line":82,"column":67}},"35":{"start":{"line":84,"column":12},"end":{"line":86,"column":13}},"36":{"start":{"line":85,"column":16},"end":{"line":85,"column":63}},"37":{"start":{"line":91,"column":0},"end":{"line":97,"column":2}}},"fnMap":{"0":{"name":"(anonymous_0)","decl":{"start":{"line":7,"column":22},"end":{"line":7,"column":23}},"loc":{"start":{"line":7,"column":33},"end":{"line":7,"column":65}},"line":7},"1":{"name":"(anonymous_1)","decl":{"start":{"line":8,"column":26},"end":{"line":8,"column":27}},"loc":{"start":{"line":8,"column":69},"end":{"line":30,"column":1}},"line":8},"2":{"name":"(anonymous_2)","decl":{"start":{"line":39,"column":33},"end":{"line":39,"column":34}},"loc":{"start":{"line":39,"column":92},"end":{"line":90,"column":1}},"line":39},"3":{"name":"(anonymous_3)","decl":{"start":{"line":45,"column":21},"end":{"line":45,"column":22}},"loc":{"start":{"line":45,"column":25},"end":{"line":57,"column":5}},"line":45},"4":{"name":"(anonymous_4)","decl":{"start":{"line":58,"column":14},"end":{"line":58,"column":15}},"loc":{"start":{"line":58,"column":18},"end":{"line":89,"column":5}},"line":58},"5":{"name":"(anonymous_5)","decl":{"start":{"line":59,"column":29},"end":{"line":59,"column":30}},"loc":{"start":{"line":59,"column":33},"end":{"line":66,"column":9}},"line":59},"6":{"name":"(anonymous_6)","decl":{"start":{"line":76,"column":15},"end":{"line":76,"column":16}},"loc":{"start":{"line":76,"column":19},"end":{"line":87,"column":9}},"line":76}},"branchMap":{"0":{"loc":{"start":{"line":9,"column":4},"end":{"line":11,"column":5}},"type":"if","locations":[{"start":{"line":9,"column":4},"end":{"line":11,"column":5}},{"start":{},"end":{}}],"line":9},"1":{"loc":{"start":{"line":12,"column":4},"end":{"line":17,"column":5}},"type":"if","locations":[{"start":{"line":12,"column":4},"end":{"line":17,"column":5}},{"start":{},"end":{}}],"line":12},"2":{"loc":{"start":{"line":18,"column":41},"end":{"line":18,"column":74}},"type":"binary-expr","locations":[{"start":{"line":18,"column":41},"end":{"line":18,"column":57}},{"start":{"line":18,"column":61},"end":{"line":18,"column":74}}],"line":18},"3":{"loc":{"start":{"line":20,"column":4},"end":{"line":22,"column":5}},"type":"if","locations":[{"start":{"line":20,"column":4},"end":{"line":22,"column":5}},{"start":{},"end":{}}],"line":20},"4":{"loc":{"start":{"line":23,"column":11},"end":{"line":29,"column":5}},"type":"cond-expr","locations":[{"start":{"line":23,"column":31},"end":{"line":26,"column":5}},{"start":{"line":26,"column":8},"end":{"line":29,"column":5}}],"line":23},"5":{"loc":{"start":{"line":24,"column":12},"end":{"line":24,"column":36}},"type":"binary-expr","locations":[{"start":{"line":24,"column":12},"end":{"line":24,"column":31}},{"start":{"line":24,"column":35},"end":{"line":24,"column":36}}],"line":24},"6":{"loc":{"start":{"line":24,"column":41},"end":{"line":24,"column":62}},"type":"binary-expr","locations":[{"start":{"line":24,"column":41},"end":{"line":24,"column":57}},{"start":{"line":24,"column":61},"end":{"line":24,"column":62}}],"line":24},"7":{"loc":{"start":{"line":25,"column":12},"end":{"line":25,"column":36}},"type":"binary-expr","locations":[{"start":{"line":25,"column":12},"end":{"line":25,"column":31}},{"start":{"line":25,"column":35},"end":{"line":25,"column":36}}],"line":25},"8":{"loc":{"start":{"line":25,"column":41},"end":{"line":25,"column":62}},"type":"binary-expr","locations":[{"start":{"line":25,"column":41},"end":{"line":25,"column":57}},{"start":{"line":25,"column":61},"end":{"line":25,"column":62}}],"line":25},"9":{"loc":{"start":{"line":60,"column":12},"end":{"line":65,"column":13}},"type":"if","locations":[{"start":{"line":60,"column":12},"end":{"line":65,"column":13}},{"start":{"line":63,"column":19},"end":{"line":65,"column":13}}],"line":60},"10":{"loc":{"start":{"line":62,"column":16},"end":{"line":62,"column":157}},"type":"binary-expr","locations":[{"start":{"line":62,"column":16},"end":{"line":62,"column":78}},{"start":{"line":62,"column":83},"end":{"line":62,"column":156}}],"line":62},"11":{"loc":{"start":{"line":67,"column":8},"end":{"line":75,"column":9}},"type":"if","locations":[{"start":{"line":67,"column":8},"end":{"line":75,"column":9}},{"start":{"line":71,"column":15},"end":{"line":75,"column":9}}],"line":67},"12":{"loc":{"start":{"line":77,"column":12},"end":{"line":83,"column":13}},"type":"if","locations":[{"start":{"line":77,"column":12},"end":{"line":83,"column":13}},{"start":{"line":81,"column":19},"end":{"line":83,"column":13}}],"line":77},"13":{"loc":{"start":{"line":84,"column":12},"end":{"line":86,"column":13}},"type":"if","locations":[{"start":{"line":84,"column":12},"end":{"line":86,"column":13}},{"start":{},"end":{}}],"line":84}},"s":{"0":1,"1":1,"2":1,"3":8,"4":1,"5":4,"6":0,"7":4,"8":0,"9":4,"10":4,"11":4,"12":0,"13":4,"14":1,"15":4,"16":4,"17":4,"18":0,"19":0,"20":0,"21":0,"22":4,"23":3,"24":0,"25":0,"26":0,"27":3,"28":0,"29":3,"30":3,"31":2,"32":0,"33":0,"34":2,"35":2,"36":0,"37":1},"f":{"0":8,"1":4,"2":4,"3":0,"4":3,"5":0,"6":2},"b":{"0":[0,4],"1":[0,4],"2":[4,4],"3":[0,4],"4":[0,4],"5":[0,0],"6":[0,0],"7":[0,0],"8":[0,0],"9":[0,0],"10":[0,0],"11":[0,3],"12":[0,2],"13":[0,2]},"inputSourceMap":{"version":3,"sources":["/Users/amarxer/git/blogs-code/vite-react-ts-shadcn-ui/src/core/hooks/use-scroll-position.ts"],"names":["useEffect","useRef","isBrowser","globalThis","zeroPosition","x","y","getClientRect","element","getBoundingClientRect","getScrollPosition","useWindow","boundingElement","window","scrollX","scrollY","targetPosition","current","document","body","containerPosition","left","top","useScrollPosition","effect","deps","wait","position","throttleTimeoutReference","undefined","callBack","currentPos","prevPos","currPos","handleScroll","setTimeout","addEventListener","passive","removeEventListener","clearTimeout","defaultProps"],"mappings":"AAAA,SAASA,SAAS,EAAEC,MAAM,QAAQ,QAAQ;AAgB1C,MAAMC,YAAY,OAAOC,eAAe;AACxC,MAAMC,eAAe;IAAEC,GAAG;IAAGC,GAAG;AAAE;AAElC,MAAMC,gBAAgB,CAACC,UAA0BA,SAASC;AAE1D,MAAMC,oBAAoB,CAAC,EACzBF,OAAO,EACPG,SAAS,EACTC,eAAe,EAKhB;IACC,IAAI,CAACV,WAAW;QACd,OAAOE;IACT;IAEA,IAAIO,WAAW;QACb,OAAO;YAAEN,GAAGQ,OAAOC,OAAO;YAAER,GAAGO,OAAOE,OAAO;QAAC;IAChD;IAEA,MAAMC,iBAAiBT,cAAcC,SAASS,WAAWC,SAASC,IAAI;IACtE,MAAMC,oBAAoBb,cAAcK,iBAAiBK;IAEzD,IAAI,CAACD,gBAAgB;QACnB,OAAOZ;IACT;IAEA,OAAOgB,oBACH;QACEf,GAAG,AAACe,CAAAA,kBAAkBf,CAAC,IAAI,CAAA,IAAMW,CAAAA,eAAeX,CAAC,IAAI,CAAA;QACrDC,GAAG,AAACc,CAAAA,kBAAkBd,CAAC,IAAI,CAAA,IAAMU,CAAAA,eAAeV,CAAC,IAAI,CAAA;IACvD,IACA;QAAED,GAAGW,eAAeK,IAAI;QAAEf,GAAGU,eAAeM,GAAG;IAAC;AACtD;AAEA,0BAA0B;AAC1B,0CAA0C;AAC1C,qEAAqE;AACrE,6EAA6E;AAC7E,mHAAmH;AACnH,yDAAyD;AACzD,wQAAwQ;AACxQ,iCAAiC;AACjC,OAAO,MAAMC,oBAAoB,CAC/BC,QACAC,MACAjB,SACAG,WACAe,MACAd;IAEA,MAAMe,WAAW1B,OAAOS,kBAAkB;QAAEC;QAAWC;IAAgB;IACvE,MAAMgB,2BAA2B3B,OAAmC4B;IAEpE,MAAMC,WAAW;QACf,MAAMC,aAAarB,kBAAkB;YAAEF;YAASG;YAAWC;QAAgB;QAC3EY,OAAO;YAAEQ,SAASL,SAASV,OAAO;YAAEgB,SAASF;QAAW;QACxDJ,SAASV,OAAO,GAAGc;QACnBH,yBAAyBX,OAAO,GAAGY;IACrC;IAEA7B,UAAU;QACR,MAAMkC,eAAe;YACnB,IAAIR,MAAM;oBACRE;gBAAAA,CAAAA,4BAAAA,0BAAyBX,YAAzBW,0BAAyBX,UAAYd,WAAWgC,UAAU,CAACL,UAAUJ;YACvE,OAAO;gBACLI;YACF;QACF;QAEA,IAAIlB,iBAAiB;YACnBA,gBAAgBK,OAAO,EAAEmB,iBAAiB,UAAUF,cAAc;gBAChEG,SAAS;YACX;QACF,OAAO;YACLxB,OAAOuB,gBAAgB,CAAC,UAAUF,cAAc;gBAAEG,SAAS;YAAK;QAClE;QAEA,OAAO;YACL,IAAIzB,iBAAiB;gBACnBA,gBAAgBK,OAAO,EAAEqB,oBAAoB,UAAUJ;gBACvD,6DAA6D;gBAC7DtB,gBAAgBK,OAAO,GAAGY;YAC5B,OAAO;gBACLhB,OAAOyB,mBAAmB,CAAC,UAAUJ;YACvC;YAEA,IAAIN,yBAAyBX,OAAO,EAAE;gBACpCsB,aAAaX,yBAAyBX,OAAO;YAC/C;QACF;IACF,uDAAuD;IACvD,GAAGQ;AACL,EAAE;AAEFF,kBAAkBiB,YAAY,GAAG;IAC/Bf,MAAM,EAAE;IACRjB,SAAS;IACTG,WAAW;IACXe,MAAMG;IACNjB,iBAAiB;AACnB"},"_coverageSchema":"1a1c01bbd47fc00a2c39e90264f33305004495a9","hash":"a38417fff3867873234988a480079904e0b65efe"},"/Users/amarxer/git/blogs-code/vite-react-ts-shadcn-ui/src/core/components/ui/button/button.tsx":{"path":"/Users/amarxer/git/blogs-code/vite-react-ts-shadcn-ui/src/core/components/ui/button/button.tsx","statementMap":{"0":{"start":{"line":2,"column":20},"end":{"line":2,"column":97}},"1":{"start":{"line":7,"column":0},"end":{"line":18,"column":1}},"2":{"start":{"line":8,"column":2},"end":{"line":12,"column":3}},"3":{"start":{"line":9,"column":4},"end":{"line":11,"column":6}},"4":{"start":{"line":14,"column":2},"end":{"line":14,"column":39}},"5":{"start":{"line":15,"column":2},"end":{"line":15,"column":39}},"6":{"start":{"line":16,"column":2},"end":{"line":16,"column":151}},"7":{"start":{"line":17,"column":2},"end":{"line":17,"column":75}},"8":{"start":{"line":25,"column":23},"end":{"line":46,"column":2}},"9":{"start":{"line":47,"column":15},"end":{"line":62,"column":1}},"10":{"start":{"line":48,"column":17},"end":{"line":48,"column":42}},"11":{"start":{"line":49,"column":4},"end":{"line":61,"column":13}},"12":{"start":{"line":63,"column":0},"end":{"line":63,"column":12}},"13":{"start":{"line":64,"column":0},"end":{"line":64,"column":30}},"14":{"start":{"line":67,"column":0},"end":{"line":67,"column":27}},"15":{"start":{"line":70,"column":0},"end":{"line":73,"column":1}},"16":{"start":{"line":71,"column":2},"end":{"line":71,"column":39}},"17":{"start":{"line":72,"column":2},"end":{"line":72,"column":39}},"18":{"start":{"line":76,"column":0},"end":{"line":85,"column":1}},"19":{"start":{"line":77,"column":2},"end":{"line":84,"column":5}},"20":{"start":{"line":78,"column":4},"end":{"line":78,"column":164}},"21":{"start":{"line":79,"column":4},"end":{"line":83,"column":7}},"22":{"start":{"line":80,"column":6},"end":{"line":80,"column":31}},"23":{"start":{"line":80,"column":24},"end":{"line":80,"column":31}},"24":{"start":{"line":81,"column":32},"end":{"line":81,"column":213}},"25":{"start":{"line":82,"column":6},"end":{"line":82,"column":75}},"26":{"start":{"line":82,"column":29},"end":{"line":82,"column":75}}},"fnMap":{"0":{"name":"(anonymous_0)","decl":{"start":{"line":47,"column":15},"end":{"line":47,"column":16}},"loc":{"start":{"line":47,"column":95},"end":{"line":62,"column":1}},"line":47},"1":{"name":"(anonymous_1)","decl":{"start":{"line":77,"column":52},"end":{"line":77,"column":53}},"loc":{"start":{"line":77,"column":72},"end":{"line":84,"column":3}},"line":77},"2":{"name":"(anonymous_2)","decl":{"start":{"line":79,"column":27},"end":{"line":79,"column":28}},"loc":{"start":{"line":79,"column":44},"end":{"line":83,"column":5}},"line":79}},"branchMap":{"0":{"loc":{"start":{"line":2,"column":20},"end":{"line":2,"column":97}},"type":"binary-expr","locations":[{"start":{"line":2,"column":20},"end":{"line":2,"column":60}},{"start":{"line":2,"column":64},"end":{"line":2,"column":97}}],"line":2},"1":{"loc":{"start":{"line":7,"column":0},"end":{"line":18,"column":1}},"type":"if","locations":[{"start":{"line":7,"column":0},"end":{"line":18,"column":1}},{"start":{},"end":{}}],"line":7},"2":{"loc":{"start":{"line":7,"column":4},"end":{"line":7,"column":35}},"type":"binary-expr","locations":[{"start":{"line":7,"column":4},"end":{"line":7,"column":19}},{"start":{"line":7,"column":23},"end":{"line":7,"column":35}}],"line":7},"3":{"loc":{"start":{"line":8,"column":2},"end":{"line":12,"column":3}},"type":"if","locations":[{"start":{"line":8,"column":2},"end":{"line":12,"column":3}},{"start":{},"end":{}}],"line":8},"4":{"loc":{"start":{"line":47,"column":60},"end":{"line":47,"column":75}},"type":"default-arg","locations":[{"start":{"line":47,"column":70},"end":{"line":47,"column":75}}],"line":47},"5":{"loc":{"start":{"line":48,"column":17},"end":{"line":48,"column":42}},"type":"cond-expr","locations":[{"start":{"line":48,"column":27},"end":{"line":48,"column":31}},{"start":{"line":48,"column":34},"end":{"line":48,"column":42}}],"line":48},"6":{"loc":{"start":{"line":70,"column":0},"end":{"line":73,"column":1}},"type":"if","locations":[{"start":{"line":70,"column":0},"end":{"line":73,"column":1}},{"start":{},"end":{}}],"line":70},"7":{"loc":{"start":{"line":70,"column":4},"end":{"line":70,"column":35}},"type":"binary-expr","locations":[{"start":{"line":70,"column":4},"end":{"line":70,"column":19}},{"start":{"line":70,"column":23},"end":{"line":70,"column":35}}],"line":70},"8":{"loc":{"start":{"line":76,"column":0},"end":{"line":85,"column":1}},"type":"if","locations":[{"start":{"line":76,"column":0},"end":{"line":85,"column":1}},{"start":{},"end":{}}],"line":76},"9":{"loc":{"start":{"line":76,"column":4},"end":{"line":76,"column":35}},"type":"binary-expr","locations":[{"start":{"line":76,"column":4},"end":{"line":76,"column":19}},{"start":{"line":76,"column":23},"end":{"line":76,"column":35}}],"line":76},"10":{"loc":{"start":{"line":80,"column":6},"end":{"line":80,"column":31}},"type":"if","locations":[{"start":{"line":80,"column":6},"end":{"line":80,"column":31}},{"start":{},"end":{}}],"line":80},"11":{"loc":{"start":{"line":82,"column":6},"end":{"line":82,"column":75}},"type":"if","locations":[{"start":{"line":82,"column":6},"end":{"line":82,"column":75}},{"start":{},"end":{}}],"line":82}},"s":{"0":1,"1":1,"2":1,"3":0,"4":1,"5":1,"6":1,"7":1,"8":1,"9":1,"10":4,"11":4,"12":1,"13":1,"14":1,"15":1,"16":1,"17":1,"18":1,"19":1,"20":1,"21":1,"22":0,"23":0,"24":0,"25":0,"26":0},"f":{"0":4,"1":1,"2":0},"b":{"0":[1,0],"1":[1,0],"2":[1,1],"3":[0,1],"4":[4],"5":[0,4],"6":[1,0],"7":[1,1],"8":[1,0],"9":[1,1],"10":[0,0],"11":[0,0]},"inputSourceMap":{"version":3,"sources":["/Users/amarxer/git/blogs-code/vite-react-ts-shadcn-ui/src/core/components/ui/button/button.tsx"],"names":["React","Slot","cva","cn","buttonVariants","variants","variant","default","destructive","outline","secondary","ghost","link","size","sm","lg","icon","defaultVariants","Button","ref","reference","className","asChild","properties","Comp","displayName"],"mappings":";;;;;;;;;;;;;;;;;;;;AAAA,YAAYA,WAAW,QAAQ;AAI/B,SAASC,IAAI,QAAQ,uBAAuB;AAC5C,SAASC,GAAG,QAAQ,2BAA2B;AAE/C,SAASC,EAAE,QAAQ,cAAc;AAEjC,MAAMC,iBAAiBF,IACrB,0RACA;IACEG,UAAU;QACRC,SAAS;YACPC,SAAS;YACTC,aAAa;YACbC,SAAS;YACTC,WAAW;YACXC,OAAO;YACPC,MAAM;QACR;QACAC,MAAM;YACJN,SAAS;YACTO,IAAI;YACJC,IAAI;YACJC,MAAM;QACR;IACF;IACAC,iBAAiB;QACfX,SAAS;QACTO,MAAM;IACR;AACF;AASF,MAAMK,SAAS,CAAC,EACdC,KAAKC,SAAS,EACdC,SAAS,EACTf,OAAO,EACPO,IAAI,EACJS,UAAU,KAAK,EACf,GAAGC,YACoE;IACvE,MAAMC,OAAOF,UAAUrB,OAAO;IAC9B,qBACE,QAACuB;QACCH,WAAWlB,GAAGC,eAAe;YAAEE;YAASO;YAAMQ;QAAU;QACxDF,KAAKC;QACJ,GAAGG,UAAU;;;;;;AAGpB;KAhBML;AAiBNA,OAAOO,WAAW,GAAG;AAErB,SAASP,MAAM,EAAEd,cAAc,GAAG"},"_coverageSchema":"1a1c01bbd47fc00a2c39e90264f33305004495a9","hash":"db2d66edbeaafcbaed9dc3e4a0870e3a1015fd78"},"/Users/amarxer/git/blogs-code/vite-react-ts-shadcn-ui/src/core/components/ui/dropdown-menu.tsx":{"path":"/Users/amarxer/git/blogs-code/vite-react-ts-shadcn-ui/src/core/components/ui/dropdown-menu.tsx","statementMap":{"0":{"start":{"line":2,"column":20},"end":{"line":2,"column":97}},"1":{"start":{"line":7,"column":0},"end":{"line":18,"column":1}},"2":{"start":{"line":8,"column":2},"end":{"line":12,"column":3}},"3":{"start":{"line":9,"column":4},"end":{"line":11,"column":6}},"4":{"start":{"line":14,"column":2},"end":{"line":14,"column":39}},"5":{"start":{"line":15,"column":2},"end":{"line":15,"column":39}},"6":{"start":{"line":16,"column":2},"end":{"line":16,"column":151}},"7":{"start":{"line":17,"column":2},"end":{"line":17,"column":75}},"8":{"start":{"line":20,"column":0},"end":{"line":20,"column":13}},"9":{"start":{"line":26,"column":21},"end":{"line":26,"column":47}},"10":{"start":{"line":27,"column":28},"end":{"line":27,"column":57}},"11":{"start":{"line":28,"column":26},"end":{"line":28,"column":53}},"12":{"start":{"line":29,"column":27},"end":{"line":29,"column":55}},"13":{"start":{"line":30,"column":24},"end":{"line":30,"column":49}},"14":{"start":{"line":31,"column":31},"end":{"line":31,"column":63}},"15":{"start":{"line":32,"column":31},"end":{"line":50,"column":12}},"16":{"start":{"line":32,"column":110},"end":{"line":50,"column":12}},"17":{"start":{"line":51,"column":0},"end":{"line":51,"column":28}},"18":{"start":{"line":52,"column":0},"end":{"line":52,"column":82}},"19":{"start":{"line":53,"column":31},"end":{"line":61,"column":12}},"20":{"start":{"line":53,"column":93},"end":{"line":61,"column":12}},"21":{"start":{"line":62,"column":0},"end":{"line":62,"column":29}},"22":{"start":{"line":63,"column":0},"end":{"line":63,"column":82}},"23":{"start":{"line":64,"column":28},"end":{"line":79,"column":12}},"24":{"start":{"line":64,"column":106},"end":{"line":79,"column":12}},"25":{"start":{"line":80,"column":0},"end":{"line":80,"column":26}},"26":{"start":{"line":81,"column":0},"end":{"line":81,"column":76}},"27":{"start":{"line":82,"column":25},"end":{"line":90,"column":12}},"28":{"start":{"line":82,"column":94},"end":{"line":90,"column":12}},"29":{"start":{"line":91,"column":0},"end":{"line":91,"column":23}},"30":{"start":{"line":92,"column":0},"end":{"line":92,"column":70}},"31":{"start":{"line":93,"column":33},"end":{"line":125,"column":12}},"32":{"start":{"line":93,"column":114},"end":{"line":125,"column":12}},"33":{"start":{"line":126,"column":0},"end":{"line":126,"column":31}},"34":{"start":{"line":127,"column":0},"end":{"line":127,"column":86}},"35":{"start":{"line":128,"column":30},"end":{"line":159,"column":12}},"36":{"start":{"line":128,"column":102},"end":{"line":159,"column":12}},"37":{"start":{"line":160,"column":0},"end":{"line":160,"column":28}},"38":{"start":{"line":161,"column":0},"end":{"line":161,"column":80}},"39":{"start":{"line":162,"column":26},"end":{"line":170,"column":12}},"40":{"start":{"line":162,"column":95},"end":{"line":170,"column":12}},"41":{"start":{"line":171,"column":0},"end":{"line":171,"column":24}},"42":{"start":{"line":172,"column":0},"end":{"line":172,"column":72}},"43":{"start":{"line":173,"column":30},"end":{"line":181,"column":12}},"44":{"start":{"line":173,"column":92},"end":{"line":181,"column":12}},"45":{"start":{"line":182,"column":0},"end":{"line":182,"column":28}},"46":{"start":{"line":183,"column":0},"end":{"line":183,"column":80}},"47":{"start":{"line":184,"column":29},"end":{"line":193,"column":1}},"48":{"start":{"line":185,"column":4},"end":{"line":192,"column":13}},"49":{"start":{"line":194,"column":0},"end":{"line":194,"column":27}},"50":{"start":{"line":195,"column":0},"end":{"line":195,"column":58}},"51":{"start":{"line":198,"column":0},"end":{"line":198,"column":43}},"52":{"start":{"line":199,"column":0},"end":{"line":199,"column":44}},"53":{"start":{"line":200,"column":0},"end":{"line":200,"column":41}},"54":{"start":{"line":201,"column":0},"end":{"line":201,"column":38}},"55":{"start":{"line":202,"column":0},"end":{"line":202,"column":46}},"56":{"start":{"line":203,"column":0},"end":{"line":203,"column":43}},"57":{"start":{"line":204,"column":0},"end":{"line":204,"column":39}},"58":{"start":{"line":205,"column":0},"end":{"line":205,"column":43}},"59":{"start":{"line":206,"column":0},"end":{"line":206,"column":42}},"60":{"start":{"line":209,"column":0},"end":{"line":212,"column":1}},"61":{"start":{"line":210,"column":2},"end":{"line":210,"column":39}},"62":{"start":{"line":211,"column":2},"end":{"line":211,"column":39}},"63":{"start":{"line":215,"column":0},"end":{"line":224,"column":1}},"64":{"start":{"line":216,"column":2},"end":{"line":223,"column":5}},"65":{"start":{"line":217,"column":4},"end":{"line":217,"column":164}},"66":{"start":{"line":218,"column":4},"end":{"line":222,"column":7}},"67":{"start":{"line":219,"column":6},"end":{"line":219,"column":31}},"68":{"start":{"line":219,"column":24},"end":{"line":219,"column":31}},"69":{"start":{"line":220,"column":32},"end":{"line":220,"column":213}},"70":{"start":{"line":221,"column":6},"end":{"line":221,"column":75}},"71":{"start":{"line":221,"column":29},"end":{"line":221,"column":75}}},"fnMap":{"0":{"name":"(anonymous_0)","decl":{"start":{"line":32,"column":31},"end":{"line":32,"column":32}},"loc":{"start":{"line":32,"column":110},"end":{"line":50,"column":12}},"line":32},"1":{"name":"(anonymous_1)","decl":{"start":{"line":53,"column":31},"end":{"line":53,"column":32}},"loc":{"start":{"line":53,"column":93},"end":{"line":61,"column":12}},"line":53},"2":{"name":"(anonymous_2)","decl":{"start":{"line":64,"column":28},"end":{"line":64,"column":29}},"loc":{"start":{"line":64,"column":106},"end":{"line":79,"column":12}},"line":64},"3":{"name":"(anonymous_3)","decl":{"start":{"line":82,"column":25},"end":{"line":82,"column":26}},"loc":{"start":{"line":82,"column":94},"end":{"line":90,"column":12}},"line":82},"4":{"name":"(anonymous_4)","decl":{"start":{"line":93,"column":33},"end":{"line":93,"column":34}},"loc":{"start":{"line":93,"column":114},"end":{"line":125,"column":12}},"line":93},"5":{"name":"(anonymous_5)","decl":{"start":{"line":128,"column":30},"end":{"line":128,"column":31}},"loc":{"start":{"line":128,"column":102},"end":{"line":159,"column":12}},"line":128},"6":{"name":"(anonymous_6)","decl":{"start":{"line":162,"column":26},"end":{"line":162,"column":27}},"loc":{"start":{"line":162,"column":95},"end":{"line":170,"column":12}},"line":162},"7":{"name":"(anonymous_7)","decl":{"start":{"line":173,"column":30},"end":{"line":173,"column":31}},"loc":{"start":{"line":173,"column":92},"end":{"line":181,"column":12}},"line":173},"8":{"name":"(anonymous_8)","decl":{"start":{"line":184,"column":29},"end":{"line":184,"column":30}},"loc":{"start":{"line":184,"column":61},"end":{"line":193,"column":1}},"line":184},"9":{"name":"(anonymous_9)","decl":{"start":{"line":216,"column":52},"end":{"line":216,"column":53}},"loc":{"start":{"line":216,"column":72},"end":{"line":223,"column":3}},"line":216},"10":{"name":"(anonymous_10)","decl":{"start":{"line":218,"column":27},"end":{"line":218,"column":28}},"loc":{"start":{"line":218,"column":44},"end":{"line":222,"column":5}},"line":218}},"branchMap":{"0":{"loc":{"start":{"line":2,"column":20},"end":{"line":2,"column":97}},"type":"binary-expr","locations":[{"start":{"line":2,"column":20},"end":{"line":2,"column":60}},{"start":{"line":2,"column":64},"end":{"line":2,"column":97}}],"line":2},"1":{"loc":{"start":{"line":7,"column":0},"end":{"line":18,"column":1}},"type":"if","locations":[{"start":{"line":7,"column":0},"end":{"line":18,"column":1}},{"start":{},"end":{}}],"line":7},"2":{"loc":{"start":{"line":7,"column":4},"end":{"line":7,"column":35}},"type":"binary-expr","locations":[{"start":{"line":7,"column":4},"end":{"line":7,"column":19}},{"start":{"line":7,"column":23},"end":{"line":7,"column":35}}],"line":7},"3":{"loc":{"start":{"line":8,"column":2},"end":{"line":12,"column":3}},"type":"if","locations":[{"start":{"line":8,"column":2},"end":{"line":12,"column":3}},{"start":{},"end":{}}],"line":8},"4":{"loc":{"start":{"line":34,"column":158},"end":{"line":34,"column":173}},"type":"binary-expr","locations":[{"start":{"line":34,"column":158},"end":{"line":34,"column":163}},{"start":{"line":34,"column":167},"end":{"line":34,"column":173}}],"line":34},"5":{"loc":{"start":{"line":64,"column":58},"end":{"line":64,"column":72}},"type":"default-arg","locations":[{"start":{"line":64,"column":71},"end":{"line":64,"column":72}}],"line":64},"6":{"loc":{"start":{"line":84,"column":249},"end":{"line":84,"column":264}},"type":"binary-expr","locations":[{"start":{"line":84,"column":249},"end":{"line":84,"column":254}},{"start":{"line":84,"column":258},"end":{"line":84,"column":264}}],"line":84},"7":{"loc":{"start":{"line":164,"column":59},"end":{"line":164,"column":74}},"type":"binary-expr","locations":[{"start":{"line":164,"column":59},"end":{"line":164,"column":64}},{"start":{"line":164,"column":68},"end":{"line":164,"column":74}}],"line":164},"8":{"loc":{"start":{"line":209,"column":0},"end":{"line":212,"column":1}},"type":"if","locations":[{"start":{"line":209,"column":0},"end":{"line":212,"column":1}},{"start":{},"end":{}}],"line":209},"9":{"loc":{"start":{"line":209,"column":4},"end":{"line":209,"column":35}},"type":"binary-expr","locations":[{"start":{"line":209,"column":4},"end":{"line":209,"column":19}},{"start":{"line":209,"column":23},"end":{"line":209,"column":35}}],"line":209},"10":{"loc":{"start":{"line":215,"column":0},"end":{"line":224,"column":1}},"type":"if","locations":[{"start":{"line":215,"column":0},"end":{"line":224,"column":1}},{"start":{},"end":{}}],"line":215},"11":{"loc":{"start":{"line":215,"column":4},"end":{"line":215,"column":35}},"type":"binary-expr","locations":[{"start":{"line":215,"column":4},"end":{"line":215,"column":19}},{"start":{"line":215,"column":23},"end":{"line":215,"column":35}}],"line":215},"12":{"loc":{"start":{"line":219,"column":6},"end":{"line":219,"column":31}},"type":"if","locations":[{"start":{"line":219,"column":6},"end":{"line":219,"column":31}},{"start":{},"end":{}}],"line":219},"13":{"loc":{"start":{"line":221,"column":6},"end":{"line":221,"column":75}},"type":"if","locations":[{"start":{"line":221,"column":6},"end":{"line":221,"column":75}},{"start":{},"end":{}}],"line":221}},"s":{"0":1,"1":1,"2":1,"3":0,"4":1,"5":1,"6":1,"7":1,"8":1,"9":1,"10":1,"11":1,"12":1,"13":1,"14":1,"15":1,"16":0,"17":1,"18":1,"19":1,"20":0,"21":1,"22":1,"23":1,"24":4,"25":1,"26":1,"27":1,"28":0,"29":1,"30":1,"31":1,"32":0,"33":1,"34":1,"35":1,"36":0,"37":1,"38":1,"39":1,"40":0,"41":1,"42":1,"43":1,"44":0,"45":1,"46":1,"47":1,"48":0,"49":1,"50":1,"51":1,"52":1,"53":1,"54":1,"55":1,"56":1,"57":1,"58":1,"59":1,"60":1,"61":1,"62":1,"63":1,"64":1,"65":1,"66":1,"67":0,"68":0,"69":0,"70":0,"71":0},"f":{"0":0,"1":0,"2":4,"3":0,"4":0,"5":0,"6":0,"7":0,"8":0,"9":1,"10":0},"b":{"0":[1,0],"1":[1,0],"2":[1,1],"3":[0,1],"4":[0,0],"5":[4],"6":[0,0],"7":[0,0],"8":[1,0],"9":[1,1],"10":[1,0],"11":[1,1],"12":[0,0],"13":[0,0]},"inputSourceMap":{"version":3,"sources":["/Users/amarxer/git/blogs-code/vite-react-ts-shadcn-ui/src/core/components/ui/dropdown-menu.tsx"],"names":["React","DropdownMenuPrimitive","Check","ChevronRight","Circle","cn","DropdownMenu","Root","DropdownMenuTrigger","Trigger","DropdownMenuGroup","Group","DropdownMenuPortal","Portal","DropdownMenuSub","Sub","DropdownMenuRadioGroup","RadioGroup","DropdownMenuSubTrigger","ref","reference","className","inset","children","properties","SubTrigger","displayName","DropdownMenuSubContent","SubContent","DropdownMenuContent","sideOffset","Content","DropdownMenuItem","Item","DropdownMenuCheckboxItem","checked","CheckboxItem","span","ItemIndicator","DropdownMenuRadioItem","RadioItem","DropdownMenuLabel","Label","DropdownMenuSeparator","Separator","DropdownMenuShortcut"],"mappings":";;;;;;;;;;;;;;;;;;;AAAA;;AAEA,YAAYA,WAAW,QAAQ;AAE/B,YAAYC,2BAA2B,gCAAgC;AACvE,SAASC,KAAK,EAAEC,YAAY,EAAEC,MAAM,QAAQ,eAAe;AAE3D,SAASC,EAAE,QAAQ,cAAc;AAEjC,MAAMC,eAAeL,sBAAsBM,IAAI;AAE/C,MAAMC,sBAAsBP,sBAAsBQ,OAAO;AAEzD,MAAMC,oBAAoBT,sBAAsBU,KAAK;AAErD,MAAMC,qBAAqBX,sBAAsBY,MAAM;AAEvD,MAAMC,kBAAkBb,sBAAsBc,GAAG;AAEjD,MAAMC,yBAAyBf,sBAAsBgB,UAAU;AAE/D,MAAMC,yBAAyB,CAAC,EAC9BC,KAAKC,SAAS,EACdC,SAAS,EACTC,KAAK,EACLC,QAAQ,EACR,GAAGC,YAKJ,iBACC,QAACvB,sBAAsBwB,UAAU;QAC/BN,KAAKC;QACLC,WAAWhB,GACT,wIACAiB,SAAS,QACTD;QAED,GAAGG,UAAU;;YAEbD;0BACD,QAACpB;gBAAakB,WAAU;;;;;;;;;;;;KArBtBH;AAwBNA,uBAAuBQ,WAAW,GAAGzB,sBAAsBwB,UAAU,CAACC,WAAW;AAEjF,MAAMC,yBAAyB,CAAC,EAC9BR,KAAKC,SAAS,EACdC,SAAS,EACT,GAAGG,YAGJ,iBACC,QAACvB,sBAAsB2B,UAAU;QAC/BT,KAAKC;QACLC,WAAWhB,GACT,ybACAgB;QAED,GAAGG,UAAU;;;;;;MAbZG;AAgBNA,uBAAuBD,WAAW,GAAGzB,sBAAsB2B,UAAU,CAACF,WAAW;AAEjF,MAAMG,sBAAsB,CAAC,EAC3BV,KAAKC,SAAS,EACdC,SAAS,EACTS,aAAa,CAAC,EACd,GAAGN,YAGJ,iBACC,QAACvB,sBAAsBY,MAAM;kBAC3B,cAAA,QAACZ,sBAAsB8B,OAAO;YAC5BZ,KAAKC;YACLU,YAAYA;YACZT,WAAWhB,GACT,ybACAgB;YAED,GAAGG,UAAU;;;;;;;;;;;MAhBdK;AAoBNA,oBAAoBH,WAAW,GAAGzB,sBAAsB8B,OAAO,CAACL,WAAW;AAE3E,MAAMM,mBAAmB,CAAC,EACxBb,KAAKC,SAAS,EACdC,SAAS,EACTC,KAAK,EACL,GAAGE,YAGoF,iBACvF,QAACvB,sBAAsBgC,IAAI;QACzBd,KAAKC;QACLC,WAAWhB,GACT,mOACAiB,SAAS,QACTD;QAED,GAAGG,UAAU;;;;;;MAfZQ;AAkBNA,iBAAiBN,WAAW,GAAGzB,sBAAsBgC,IAAI,CAACP,WAAW;AAErE,MAAMQ,2BAA2B,CAAC,EAChCf,KAAKC,SAAS,EACdC,SAAS,EACTE,QAAQ,EACRY,OAAO,EACP,GAAGX,YAGJ,iBACC,QAACvB,sBAAsBmC,YAAY;QACjCjB,KAAKC;QACLC,WAAWhB,GACT,wOACAgB;QAEFc,SAASA;QACR,GAAGX,UAAU;;0BAEd,QAACa;gBAAKhB,WAAU;0BACd,cAAA,QAACpB,sBAAsBqC,aAAa;8BAClC,cAAA,QAACpC;wBAAMmB,WAAU;;;;;;;;;;;;;;;;YAGpBE;;;;;;;MAvBCW;AA0BNA,yBAAyBR,WAAW,GAAGzB,sBAAsBmC,YAAY,CAACV,WAAW;AAErF,MAAMa,wBAAwB,CAAC,EAC7BpB,KAAKC,SAAS,EACdC,SAAS,EACTE,QAAQ,EACR,GAAGC,YAGJ,iBACC,QAACvB,sBAAsBuC,SAAS;QAC9BrB,KAAKC;QACLC,WAAWhB,GACT,wOACAgB;QAED,GAAGG,UAAU;;0BAEd,QAACa;gBAAKhB,WAAU;0BACd,cAAA,QAACpB,sBAAsBqC,aAAa;8BAClC,cAAA,QAAClC;wBAAOiB,WAAU;;;;;;;;;;;;;;;;YAGrBE;;;;;;;MArBCgB;AAwBNA,sBAAsBb,WAAW,GAAGzB,sBAAsBuC,SAAS,CAACd,WAAW;AAE/E,MAAMe,oBAAoB,CAAC,EACzBtB,KAAKC,SAAS,EACdC,SAAS,EACTC,KAAK,EACL,GAAGE,YAGqF,iBACxF,QAACvB,sBAAsByC,KAAK;QAC1BvB,KAAKC;QACLC,WAAWhB,GAAG,qCAAqCiB,SAAS,QAAQD;QACnE,GAAGG,UAAU;;;;;;MAXZiB;AAcNA,kBAAkBf,WAAW,GAAGzB,sBAAsByC,KAAK,CAAChB,WAAW;AAEvE,MAAMiB,wBAAwB,CAAC,EAC7BxB,KAAKC,SAAS,EACdC,SAAS,EACT,GAAGG,YAGJ,iBACC,QAACvB,sBAAsB2C,SAAS;QAC9BzB,KAAKC;QACLC,WAAWhB,GAAG,4BAA4BgB;QACzC,GAAGG,UAAU;;;;;;MAVZmB;AAaNA,sBAAsBjB,WAAW,GAAGzB,sBAAsB2C,SAAS,CAAClB,WAAW;AAE/E,MAAMmB,uBAAuB,CAAC,EAC5BxB,SAAS,EACT,GAAGG,YACmC;IACtC,qBACE,QAACa;QAAKhB,WAAWhB,GAAG,8CAA8CgB;QAAa,GAAGG,UAAU;;;;;;AAEhG;MAPMqB;AAQNA,qBAAqBnB,WAAW,GAAG;AAEnC,SACEpB,YAAY,EACZE,mBAAmB,EACnBqB,mBAAmB,EACnBG,gBAAgB,EAChBE,wBAAwB,EACxBK,qBAAqB,EACrBE,iBAAiB,EACjBE,qBAAqB,EACrBE,oBAAoB,EACpBnC,iBAAiB,EACjBE,kBAAkB,EAClBE,eAAe,EACfa,sBAAsB,EACtBT,sBAAsB,EACtBF,sBAAsB,GACtB"},"_coverageSchema":"1a1c01bbd47fc00a2c39e90264f33305004495a9","hash":"2bdc7920f50f97d66831a6729dd7cfcb19869415"},"/Users/amarxer/git/blogs-code/vite-react-ts-shadcn-ui/src/constants/keys.ts":{"path":"/Users/amarxer/git/blogs-code/vite-react-ts-shadcn-ui/src/constants/keys.ts","statementMap":{"0":{"start":{"line":2,"column":13},"end":{"line":2,"column":38}},"1":{"start":{"line":3,"column":33},"end":{"line":6,"column":21}},"2":{"start":{"line":4,"column":4},"end":{"line":4,"column":68}},"3":{"start":{"line":5,"column":4},"end":{"line":5,"column":24}}},"fnMap":{"0":{"name":"(anonymous_0)","decl":{"start":{"line":3,"column":33},"end":{"line":3,"column":34}},"loc":{"start":{"line":3,"column":56},"end":{"line":6,"column":1}},"line":3}},"branchMap":{"0":{"loc":{"start":{"line":6,"column":2},"end":{"line":6,"column":20}},"type":"binary-expr","locations":[{"start":{"line":6,"column":2},"end":{"line":6,"column":14}},{"start":{"line":6,"column":18},"end":{"line":6,"column":20}}],"line":6}},"s":{"0":1,"1":1,"2":1,"3":1},"f":{"0":1},"b":{"0":[1,1]},"inputSourceMap":{"version":3,"sources":["/Users/amarxer/git/blogs-code/vite-react-ts-shadcn-ui/src/constants/keys.ts"],"names":["BASE","EStorageKeys"],"mappings":"AAAA,6FAA6F;AAE7F,MAAMA,OAAO;AAEb,IAAA,AAAKC,sCAAAA;yCACK,GAAGD,KAAK,MAAM,CAAC;WADpBC;EAAAA;AAIL,eAAeA,aAAa"},"_coverageSchema":"1a1c01bbd47fc00a2c39e90264f33305004495a9","hash":"31c8ac28a7ed4c27ca6d596017caaeb13694cd34"},"/Users/amarxer/git/blogs-code/vite-react-ts-shadcn-ui/src/stores/theme.ts":{"path":"/Users/amarxer/git/blogs-code/vite-react-ts-shadcn-ui/src/stores/theme.ts","statementMap":{"0":{"start":{"line":5,"column":17},"end":{"line":5,"column":41}},"1":{"start":{"line":6,"column":4},"end":{"line":6,"column":43}},"2":{"start":{"line":7,"column":4},"end":{"line":12,"column":5}},"3":{"start":{"line":8,"column":28},"end":{"line":8,"column":89}},"4":{"start":{"line":9,"column":8},"end":{"line":9,"column":59}},"5":{"start":{"line":11,"column":8},"end":{"line":11,"column":34}},"6":{"start":{"line":14,"column":29},"end":{"line":25,"column":3}},"7":{"start":{"line":14,"column":59},"end":{"line":22,"column":5}},"8":{"start":{"line":17,"column":12},"end":{"line":17,"column":30}},"9":{"start":{"line":18,"column":12},"end":{"line":20,"column":15}},"10":{"start":{"line":24,"column":35},"end":{"line":24,"column":47}}},"fnMap":{"0":{"name":"applyTheme","decl":{"start":{"line":4,"column":9},"end":{"line":4,"column":19}},"loc":{"start":{"line":4,"column":27},"end":{"line":13,"column":1}},"line":4},"1":{"name":"(anonymous_1)","decl":{"start":{"line":14,"column":46},"end":{"line":14,"column":47}},"loc":{"start":{"line":14,"column":59},"end":{"line":22,"column":5}},"line":14},"2":{"name":"(anonymous_2)","decl":{"start":{"line":16,"column":18},"end":{"line":16,"column":19}},"loc":{"start":{"line":16,"column":27},"end":{"line":21,"column":9}},"line":16},"3":{"name":"(anonymous_3)","decl":{"start":{"line":24,"column":31},"end":{"line":24,"column":32}},"loc":{"start":{"line":24,"column":35},"end":{"line":24,"column":47}},"line":24}},"branchMap":{"0":{"loc":{"start":{"line":7,"column":4},"end":{"line":12,"column":5}},"type":"if","locations":[{"start":{"line":7,"column":4},"end":{"line":12,"column":5}},{"start":{"line":10,"column":11},"end":{"line":12,"column":5}}],"line":7},"1":{"loc":{"start":{"line":9,"column":27},"end":{"line":9,"column":57}},"type":"cond-expr","locations":[{"start":{"line":9,"column":41},"end":{"line":9,"column":47}},{"start":{"line":9,"column":50},"end":{"line":9,"column":57}}],"line":9}},"s":{"0":1,"1":1,"2":1,"3":1,"4":1,"5":0,"6":1,"7":1,"8":1,"9":1,"10":1},"f":{"0":1,"1":1,"2":1,"3":1},"b":{"0":[1,0],"1":[0,1]},"inputSourceMap":{"version":3,"sources":["/Users/amarxer/git/blogs-code/vite-react-ts-shadcn-ui/src/stores/theme.ts"],"names":["create","createJSONStorage","persist","EStorageKeys","applyTheme","theme","root","document","documentElement","classList","remove","prefersDark","globalThis","matchMedia","matches","add","useThemeStore","set","get","setTheme","name","storage","localStorage"],"mappings":"AAAA,SAASA,MAAM,QAAQ,UAAU;AACjC,SAASC,iBAAiB,EAAEC,OAAO,QAAQ,qBAAqB;AAEhE,OAAOC,kBAAkB,oBAAoB;AAS7C,SAASC,WAAWC,KAAY;IAC9B,MAAMC,OAAOC,SAASC,eAAe;IACrCF,KAAKG,SAAS,CAACC,MAAM,CAAC,SAAS;IAE/B,IAAIL,UAAU,UAAU;QACtB,MAAMM,cAAcC,WAAWC,UAAU,CAAC,gCAAgCC,OAAO;QACjFR,KAAKG,SAAS,CAACM,GAAG,CAACJ,cAAc,SAAS;IAC5C,OAAO;QACLL,KAAKG,SAAS,CAACM,GAAG,CAACV;IACrB;AACF;AAEA,OAAO,MAAMW,gBAAgBhB,SAC3BE,QACE,CAACe,KAAKC,MAAS,CAAA;QACbb,OAAO;QACPc,UAAU,CAACd;YACTD,WAAWC;YACXY,IAAI;gBAAEZ;YAAM;QACd;IACF,CAAA,GACA;IACEe,MAAMjB,aAAaE,KAAK;IACxBgB,SAASpB,kBAAkB,IAAMqB;AACnC,IAEF"},"_coverageSchema":"1a1c01bbd47fc00a2c39e90264f33305004495a9","hash":"85d0bfee8260f264ed3768842dc18f774820eefe"},"/Users/amarxer/git/blogs-code/vite-react-ts-shadcn-ui/src/core/components/ui/theme-toggle.tsx":{"path":"/Users/amarxer/git/blogs-code/vite-react-ts-shadcn-ui/src/core/components/ui/theme-toggle.tsx","statementMap":{"0":{"start":{"line":2,"column":20},"end":{"line":2,"column":97}},"1":{"start":{"line":7,"column":0},"end":{"line":18,"column":1}},"2":{"start":{"line":8,"column":2},"end":{"line":12,"column":3}},"3":{"start":{"line":9,"column":4},"end":{"line":11,"column":6}},"4":{"start":{"line":14,"column":2},"end":{"line":14,"column":39}},"5":{"start":{"line":15,"column":2},"end":{"line":15,"column":39}},"6":{"start":{"line":16,"column":2},"end":{"line":16,"column":150}},"7":{"start":{"line":17,"column":2},"end":{"line":17,"column":75}},"8":{"start":{"line":21,"column":9},"end":{"line":21,"column":23}},"9":{"start":{"line":22,"column":0},"end":{"line":22,"column":13}},"10":{"start":{"line":28,"column":4},"end":{"line":28,"column":9}},"11":{"start":{"line":29,"column":21},"end":{"line":29,"column":59}},"12":{"start":{"line":29,"column":44},"end":{"line":29,"column":58}},"13":{"start":{"line":30,"column":4},"end":{"line":143,"column":13}},"14":{"start":{"line":80,"column":37},"end":{"line":80,"column":54}},"15":{"start":{"line":98,"column":37},"end":{"line":98,"column":53}},"16":{"start":{"line":116,"column":37},"end":{"line":116,"column":55}},"17":{"start":{"line":145,"column":0},"end":{"line":149,"column":3}},"18":{"start":{"line":146,"column":4},"end":{"line":148,"column":6}},"19":{"start":{"line":150,"column":0},"end":{"line":150,"column":17}},"20":{"start":{"line":152,"column":0},"end":{"line":152,"column":32}},"21":{"start":{"line":155,"column":0},"end":{"line":158,"column":1}},"22":{"start":{"line":156,"column":2},"end":{"line":156,"column":39}},"23":{"start":{"line":157,"column":2},"end":{"line":157,"column":39}},"24":{"start":{"line":161,"column":0},"end":{"line":170,"column":1}},"25":{"start":{"line":162,"column":2},"end":{"line":169,"column":5}},"26":{"start":{"line":163,"column":4},"end":{"line":163,"column":163}},"27":{"start":{"line":164,"column":4},"end":{"line":168,"column":7}},"28":{"start":{"line":165,"column":6},"end":{"line":165,"column":31}},"29":{"start":{"line":165,"column":24},"end":{"line":165,"column":31}},"30":{"start":{"line":166,"column":32},"end":{"line":166,"column":212}},"31":{"start":{"line":167,"column":6},"end":{"line":167,"column":75}},"32":{"start":{"line":167,"column":29},"end":{"line":167,"column":75}}},"fnMap":{"0":{"name":"ThemeToggle","decl":{"start":{"line":27,"column":24},"end":{"line":27,"column":35}},"loc":{"start":{"line":27,"column":38},"end":{"line":144,"column":1}},"line":27},"1":{"name":"(anonymous_1)","decl":{"start":{"line":29,"column":35},"end":{"line":29,"column":36}},"loc":{"start":{"line":29,"column":44},"end":{"line":29,"column":58}},"line":29},"2":{"name":"(anonymous_2)","decl":{"start":{"line":80,"column":33},"end":{"line":80,"column":34}},"loc":{"start":{"line":80,"column":37},"end":{"line":80,"column":54}},"line":80},"3":{"name":"(anonymous_3)","decl":{"start":{"line":98,"column":33},"end":{"line":98,"column":34}},"loc":{"start":{"line":98,"column":37},"end":{"line":98,"column":53}},"line":98},"4":{"name":"(anonymous_4)","decl":{"start":{"line":116,"column":33},"end":{"line":116,"column":34}},"loc":{"start":{"line":116,"column":37},"end":{"line":116,"column":55}},"line":116},"5":{"name":"(anonymous_5)","decl":{"start":{"line":145,"column":55},"end":{"line":145,"column":56}},"loc":{"start":{"line":145,"column":66},"end":{"line":149,"column":1}},"line":145},"6":{"name":"(anonymous_6)","decl":{"start":{"line":162,"column":52},"end":{"line":162,"column":53}},"loc":{"start":{"line":162,"column":72},"end":{"line":169,"column":3}},"line":162},"7":{"name":"(anonymous_7)","decl":{"start":{"line":164,"column":27},"end":{"line":164,"column":28}},"loc":{"start":{"line":164,"column":44},"end":{"line":168,"column":5}},"line":164}},"branchMap":{"0":{"loc":{"start":{"line":2,"column":20},"end":{"line":2,"column":97}},"type":"binary-expr","locations":[{"start":{"line":2,"column":20},"end":{"line":2,"column":60}},{"start":{"line":2,"column":64},"end":{"line":2,"column":97}}],"line":2},"1":{"loc":{"start":{"line":7,"column":0},"end":{"line":18,"column":1}},"type":"if","locations":[{"start":{"line":7,"column":0},"end":{"line":18,"column":1}},{"start":{},"end":{}}],"line":7},"2":{"loc":{"start":{"line":7,"column":4},"end":{"line":7,"column":35}},"type":"binary-expr","locations":[{"start":{"line":7,"column":4},"end":{"line":7,"column":19}},{"start":{"line":7,"column":23},"end":{"line":7,"column":35}}],"line":7},"3":{"loc":{"start":{"line":8,"column":2},"end":{"line":12,"column":3}},"type":"if","locations":[{"start":{"line":8,"column":2},"end":{"line":12,"column":3}},{"start":{},"end":{}}],"line":8},"4":{"loc":{"start":{"line":155,"column":0},"end":{"line":158,"column":1}},"type":"if","locations":[{"start":{"line":155,"column":0},"end":{"line":158,"column":1}},{"start":{},"end":{}}],"line":155},"5":{"loc":{"start":{"line":155,"column":4},"end":{"line":155,"column":35}},"type":"binary-expr","locations":[{"start":{"line":155,"column":4},"end":{"line":155,"column":19}},{"start":{"line":155,"column":23},"end":{"line":155,"column":35}}],"line":155},"6":{"loc":{"start":{"line":161,"column":0},"end":{"line":170,"column":1}},"type":"if","locations":[{"start":{"line":161,"column":0},"end":{"line":170,"column":1}},{"start":{},"end":{}}],"line":161},"7":{"loc":{"start":{"line":161,"column":4},"end":{"line":161,"column":35}},"type":"binary-expr","locations":[{"start":{"line":161,"column":4},"end":{"line":161,"column":19}},{"start":{"line":161,"column":23},"end":{"line":161,"column":35}}],"line":161},"8":{"loc":{"start":{"line":165,"column":6},"end":{"line":165,"column":31}},"type":"if","locations":[{"start":{"line":165,"column":6},"end":{"line":165,"column":31}},{"start":{},"end":{}}],"line":165},"9":{"loc":{"start":{"line":167,"column":6},"end":{"line":167,"column":75}},"type":"if","locations":[{"start":{"line":167,"column":6},"end":{"line":167,"column":75}},{"start":{},"end":{}}],"line":167}},"s":{"0":1,"1":1,"2":1,"3":0,"4":1,"5":1,"6":1,"7":1,"8":1,"9":1,"10":4,"11":4,"12":11,"13":4,"14":0,"15":0,"16":0,"17":1,"18":1,"19":1,"20":1,"21":1,"22":1,"23":1,"24":1,"25":1,"26":1,"27":1,"28":0,"29":0,"30":0,"31":0,"32":0},"f":{"0":4,"1":11,"2":0,"3":0,"4":0,"5":1,"6":1,"7":0},"b":{"0":[1,0],"1":[1,0],"2":[1,1],"3":[0,1],"4":[1,0],"5":[1,1],"6":[1,0],"7":[1,1],"8":[0,0],"9":[0,0]},"inputSourceMap":{"version":3,"sources":["/Users/amarxer/git/blogs-code/vite-react-ts-shadcn-ui/src/core/components/ui/theme-toggle.tsx"],"names":["Laptop","MoonStar","Sun","Button","DropdownMenu","DropdownMenuContent","DropdownMenuItem","DropdownMenuTrigger","useThemeStore","ThemeToggle","setTheme","state","asChild","data-testid","variant","size","className","span","align","onClick"],"mappings":";;;;;;;;;;;;;;;;;;;;;AAAA;AAEA,SAASA,MAAM,EAAEC,QAAQ,EAAEC,GAAG,QAAQ,eAAe;AAErD,SAASC,MAAM,QAAQ,qCAAqC;AAC5D,SACEC,YAAY,EACZC,mBAAmB,EACnBC,gBAAgB,EAChBC,mBAAmB,QACd,qCAAqC;AAC5C,SAASC,aAAa,QAAQ,iBAAiB;AAE/C,eAAe,SAASC;;IACtB,MAAMC,WAAWF,cAAc,CAACG,QAAUA,MAAMD,QAAQ;IAExD,qBACE,QAACN;;0BACC,QAACG;gBAAoBK,OAAO;0BAC1B,cAAA,QAACT;oBAAOU,eAAY;oBAAeC,SAAQ;oBAAUC,MAAK;;sCACxD,QAACb;4BAAIc,WAAU;;;;;;sCACf,QAACf;4BAASe,WAAU;;;;;;sCACpB,QAACC;4BAAKD,WAAU;sCAAU;;;;;;;;;;;;;;;;;0BAG9B,QAACX;gBACCQ,eAAY;gBACZK,OAAM;gBACNF,WAAU,kEAAkE,qBAAqB;;;kCAEjG,QAACV;wBAAiBO,eAAY;wBAAcM,SAAS,IAAMT,SAAS;;0CAClE,QAACR;gCAAIc,WAAU;;;;;;4BAA+B;;;;;;;kCAGhD,QAACV;wBAAiBO,eAAY;wBAAaM,SAAS,IAAMT,SAAS;;0CACjE,QAACT;gCAASe,WAAU;;;;;;4BAA+B;;;;;;;kCAGrD,QAACV;wBAAiBO,eAAY;wBAAeM,SAAS,IAAMT,SAAS;;0CACnE,QAACV;gCAAOgB,WAAU;;;;;;4BAA+B;;;;;;;;;;;;;;;;;;;AAM3D;GAhCwBP;;QACLD;;;KADKC"},"_coverageSchema":"1a1c01bbd47fc00a2c39e90264f33305004495a9","hash":"5b92602da0068c09eabacbe5e195d019257682ea"},"/Users/amarxer/git/blogs-code/vite-react-ts-shadcn-ui/src/core/components/navbar/navbar.tsx":{"path":"/Users/amarxer/git/blogs-code/vite-react-ts-shadcn-ui/src/core/components/navbar/navbar.tsx","statementMap":{"0":{"start":{"line":2,"column":20},"end":{"line":2,"column":97}},"1":{"start":{"line":7,"column":0},"end":{"line":18,"column":1}},"2":{"start":{"line":8,"column":2},"end":{"line":12,"column":3}},"3":{"start":{"line":9,"column":4},"end":{"line":11,"column":6}},"4":{"start":{"line":14,"column":2},"end":{"line":14,"column":39}},"5":{"start":{"line":15,"column":2},"end":{"line":15,"column":39}},"6":{"start":{"line":16,"column":2},"end":{"line":16,"column":148}},"7":{"start":{"line":17,"column":2},"end":{"line":17,"column":75}},"8":{"start":{"line":21,"column":9},"end":{"line":21,"column":23}},"9":{"start":{"line":30,"column":4},"end":{"line":30,"column":9}},"10":{"start":{"line":31,"column":23},"end":{"line":31,"column":41}},"11":{"start":{"line":32,"column":36},"end":{"line":32,"column":51}},"12":{"start":{"line":33,"column":28},"end":{"line":33,"column":40}},"13":{"start":{"line":34,"column":4},"end":{"line":37,"column":7}},"14":{"start":{"line":35,"column":29},"end":{"line":35,"column":71}},"15":{"start":{"line":36,"column":8},"end":{"line":36,"column":56}},"16":{"start":{"line":38,"column":4},"end":{"line":120,"column":13}},"17":{"start":{"line":122,"column":0},"end":{"line":127,"column":3}},"18":{"start":{"line":123,"column":4},"end":{"line":126,"column":6}},"19":{"start":{"line":128,"column":0},"end":{"line":128,"column":12}},"20":{"start":{"line":130,"column":0},"end":{"line":130,"column":27}},"21":{"start":{"line":133,"column":0},"end":{"line":136,"column":1}},"22":{"start":{"line":134,"column":2},"end":{"line":134,"column":39}},"23":{"start":{"line":135,"column":2},"end":{"line":135,"column":39}},"24":{"start":{"line":139,"column":0},"end":{"line":148,"column":1}},"25":{"start":{"line":140,"column":2},"end":{"line":147,"column":5}},"26":{"start":{"line":141,"column":4},"end":{"line":141,"column":161}},"27":{"start":{"line":142,"column":4},"end":{"line":146,"column":7}},"28":{"start":{"line":143,"column":6},"end":{"line":143,"column":31}},"29":{"start":{"line":143,"column":24},"end":{"line":143,"column":31}},"30":{"start":{"line":144,"column":32},"end":{"line":144,"column":210}},"31":{"start":{"line":145,"column":6},"end":{"line":145,"column":75}},"32":{"start":{"line":145,"column":29},"end":{"line":145,"column":75}}},"fnMap":{"0":{"name":"Navbar","decl":{"start":{"line":29,"column":24},"end":{"line":29,"column":30}},"loc":{"start":{"line":29,"column":33},"end":{"line":121,"column":1}},"line":29},"1":{"name":"(anonymous_1)","decl":{"start":{"line":34,"column":22},"end":{"line":34,"column":23}},"loc":{"start":{"line":34,"column":37},"end":{"line":37,"column":5}},"line":34},"2":{"name":"(anonymous_2)","decl":{"start":{"line":122,"column":50},"end":{"line":122,"column":51}},"loc":{"start":{"line":122,"column":61},"end":{"line":127,"column":1}},"line":122},"3":{"name":"(anonymous_3)","decl":{"start":{"line":140,"column":52},"end":{"line":140,"column":53}},"loc":{"start":{"line":140,"column":72},"end":{"line":147,"column":3}},"line":140},"4":{"name":"(anonymous_4)","decl":{"start":{"line":142,"column":27},"end":{"line":142,"column":28}},"loc":{"start":{"line":142,"column":44},"end":{"line":146,"column":5}},"line":142}},"branchMap":{"0":{"loc":{"start":{"line":2,"column":20},"end":{"line":2,"column":97}},"type":"binary-expr","locations":[{"start":{"line":2,"column":20},"end":{"line":2,"column":60}},{"start":{"line":2,"column":64},"end":{"line":2,"column":97}}],"line":2},"1":{"loc":{"start":{"line":7,"column":0},"end":{"line":18,"column":1}},"type":"if","locations":[{"start":{"line":7,"column":0},"end":{"line":18,"column":1}},{"start":{},"end":{}}],"line":7},"2":{"loc":{"start":{"line":7,"column":4},"end":{"line":7,"column":35}},"type":"binary-expr","locations":[{"start":{"line":7,"column":4},"end":{"line":7,"column":19}},{"start":{"line":7,"column":23},"end":{"line":7,"column":35}}],"line":7},"3":{"loc":{"start":{"line":8,"column":2},"end":{"line":12,"column":3}},"type":"if","locations":[{"start":{"line":8,"column":2},"end":{"line":12,"column":3}},{"start":{},"end":{}}],"line":8},"4":{"loc":{"start":{"line":35,"column":29},"end":{"line":35,"column":71}},"type":"binary-expr","locations":[{"start":{"line":35,"column":29},"end":{"line":35,"column":66}},{"start":{"line":35,"column":70},"end":{"line":35,"column":71}}],"line":35},"5":{"loc":{"start":{"line":40,"column":37},"end":{"line":40,"column":81}},"type":"cond-expr","locations":[{"start":{"line":40,"column":48},"end":{"line":40,"column":61}},{"start":{"line":40,"column":64},"end":{"line":40,"column":81}}],"line":40},"6":{"loc":{"start":{"line":53,"column":20},"end":{"line":60,"column":28}},"type":"cond-expr","locations":[{"start":{"line":53,"column":51},"end":{"line":53,"column":60}},{"start":{"line":53,"column":77},"end":{"line":60,"column":28}}],"line":53},"7":{"loc":{"start":{"line":133,"column":0},"end":{"line":136,"column":1}},"type":"if","locations":[{"start":{"line":133,"column":0},"end":{"line":136,"column":1}},{"start":{},"end":{}}],"line":133},"8":{"loc":{"start":{"line":133,"column":4},"end":{"line":133,"column":35}},"type":"binary-expr","locations":[{"start":{"line":133,"column":4},"end":{"line":133,"column":19}},{"start":{"line":133,"column":23},"end":{"line":133,"column":35}}],"line":133},"9":{"loc":{"start":{"line":139,"column":0},"end":{"line":148,"column":1}},"type":"if","locations":[{"start":{"line":139,"column":0},"end":{"line":148,"column":1}},{"start":{},"end":{}}],"line":139},"10":{"loc":{"start":{"line":139,"column":4},"end":{"line":139,"column":35}},"type":"binary-expr","locations":[{"start":{"line":139,"column":4},"end":{"line":139,"column":19}},{"start":{"line":139,"column":23},"end":{"line":139,"column":35}}],"line":139},"11":{"loc":{"start":{"line":143,"column":6},"end":{"line":143,"column":31}},"type":"if","locations":[{"start":{"line":143,"column":6},"end":{"line":143,"column":31}},{"start":{},"end":{}}],"line":143},"12":{"loc":{"start":{"line":145,"column":6},"end":{"line":145,"column":75}},"type":"if","locations":[{"start":{"line":145,"column":6},"end":{"line":145,"column":75}},{"start":{},"end":{}}],"line":145}},"s":{"0":1,"1":1,"2":1,"3":0,"4":1,"5":1,"6":1,"7":1,"8":1,"9":4,"10":4,"11":4,"12":4,"13":4,"14":0,"15":0,"16":4,"17":1,"18":1,"19":1,"20":1,"21":1,"22":1,"23":1,"24":1,"25":1,"26":1,"27":1,"28":0,"29":0,"30":0,"31":0,"32":0},"f":{"0":4,"1":0,"2":1,"3":1,"4":0},"b":{"0":[1,0],"1":[1,0],"2":[1,1],"3":[0,1],"4":[0,0],"5":[0,4],"6":[0,4],"7":[1,0],"8":[1,1],"9":[1,0],"10":[1,1],"11":[0,0],"12":[0,0]},"inputSourceMap":{"version":3,"sources":["/Users/amarxer/git/blogs-code/vite-react-ts-shadcn-ui/src/core/components/navbar/navbar.tsx"],"names":["useRef","useState","Link","useConfiguration","useScrollPosition","cn","ThemeToggle","styles","Navbar","config","isOpaque","setIsOpaque","headerReference","currPos","headerHeight","current","offsetHeight","Math","abs","y","header","ref","className","opaque","semiOpaque","div","p","mode","undefined","environment","to"],"mappings":";;;;;;;;;;;;;;;;;;;;;AAAA,SAASA,MAAM,EAAEC,QAAQ,QAAQ,QAAQ;AAEzC,SAASC,IAAI,QAAQ,yBAAyB;AAE9C,OAAOC,sBAAsB,iCAAiC;AAC9D,SAASC,iBAAiB,QAAQ,mCAAmC;AACrE,SAASC,EAAE,QAAQ,cAAc;AAEjC,OAAOC,iBAAiB,qBAAqB;AAC7C,OAAOC,YAAY,sBAAsB;AAEzC,eAAe,SAASC;;IACtB,MAAM,EAAEC,MAAM,EAAE,GAAGN;IACnB,MAAM,CAACO,UAAUC,YAAY,GAAGV,SAAS;IACzC,MAAMW,kBAAkBZ,OAAuB;IAC/CI,kBAAkB,CAAC,EAAES,OAAO,EAAE;QAC5B,MAAMC,eAAeF,gBAAgBG,OAAO,EAAEC,gBAAgB;QAC9DL,YAAYM,KAAKC,GAAG,CAACL,QAAQM,CAAC,IAAIL;IACpC;IACA,qBACE,QAACM;QACCC,KAAKT;QACLU,WAAWjB,GACTE,OAAOa,MAAM,EACbV,WAAWH,OAAOgB,MAAM,GAAGhB,OAAOiB,UAAU,EAC5C;;0BAGF,QAACC;gBAAIH,WAAU;;kCACb,QAACI;wBAAEJ,WAAU;kCAAqB;;;;;;oBAEjCb,OAAOkB,IAAI,KAAK,eAAeC,0BAC9B,QAACF;wBAAEJ,WAAWjB,GAAGE,OAAOsB,WAAW,EAAEtB,MAAM,CAACE,OAAOkB,IAAI,CAAC;kCAAIlB,OAAOkB,IAAI;;;;;;;;;;;;0BAI3E,QAACF;gBAAIH,WAAU;;kCACb,QAACG;wBAAIH,WAAU;;0CACb,QAACpB;gCAAK4B,IAAG;gCAAIR,WAAU;0CAAuB;;;;;;4BAEtC;0CACR,QAACpB;gCAAK4B,IAAG;gCAASR,WAAU;0CAAuB;;;;;;;;;;;;kCAKrD,QAACG;kCACC,cAAA,QAACnB;;;;;;;;;;;;;;;;;;;;;;AAKX;GAzCwBE;;QACHL;QAGnBC;;;KAJsBI"},"_coverageSchema":"1a1c01bbd47fc00a2c39e90264f33305004495a9","hash":"f5a124f213e57fea92d4cf71b655cec9a3f0c528"},"/Users/amarxer/git/blogs-code/vite-react-ts-shadcn-ui/src/core/components/ui/breadcrumb.tsx":{"path":"/Users/amarxer/git/blogs-code/vite-react-ts-shadcn-ui/src/core/components/ui/breadcrumb.tsx","statementMap":{"0":{"start":{"line":2,"column":20},"end":{"line":2,"column":97}},"1":{"start":{"line":7,"column":0},"end":{"line":18,"column":1}},"2":{"start":{"line":8,"column":2},"end":{"line":12,"column":3}},"3":{"start":{"line":9,"column":4},"end":{"line":11,"column":6}},"4":{"start":{"line":14,"column":2},"end":{"line":14,"column":39}},"5":{"start":{"line":15,"column":2},"end":{"line":15,"column":39}},"6":{"start":{"line":16,"column":2},"end":{"line":16,"column":148}},"7":{"start":{"line":17,"column":2},"end":{"line":17,"column":75}},"8":{"start":{"line":26,"column":4},"end":{"line":34,"column":13}},"9":{"start":{"line":36,"column":0},"end":{"line":36,"column":16}},"10":{"start":{"line":38,"column":4},"end":{"line":46,"column":13}},"11":{"start":{"line":48,"column":0},"end":{"line":48,"column":21}},"12":{"start":{"line":50,"column":4},"end":{"line":58,"column":13}},"13":{"start":{"line":60,"column":0},"end":{"line":60,"column":21}},"14":{"start":{"line":62,"column":17},"end":{"line":62,"column":37}},"15":{"start":{"line":63,"column":4},"end":{"line":71,"column":13}},"16":{"start":{"line":73,"column":0},"end":{"line":73,"column":21}},"17":{"start":{"line":75,"column":4},"end":{"line":86,"column":13}},"18":{"start":{"line":88,"column":0},"end":{"line":88,"column":21}},"19":{"start":{"line":90,"column":4},"end":{"line":105,"column":13}},"20":{"start":{"line":107,"column":0},"end":{"line":107,"column":26}},"21":{"start":{"line":109,"column":4},"end":{"line":136,"column":13}},"22":{"start":{"line":138,"column":0},"end":{"line":138,"column":25}},"23":{"start":{"line":141,"column":0},"end":{"line":141,"column":31}},"24":{"start":{"line":142,"column":0},"end":{"line":142,"column":36}},"25":{"start":{"line":143,"column":0},"end":{"line":143,"column":36}},"26":{"start":{"line":144,"column":0},"end":{"line":144,"column":36}},"27":{"start":{"line":145,"column":0},"end":{"line":145,"column":36}},"28":{"start":{"line":146,"column":0},"end":{"line":146,"column":41}},"29":{"start":{"line":147,"column":0},"end":{"line":147,"column":40}},"30":{"start":{"line":150,"column":0},"end":{"line":153,"column":1}},"31":{"start":{"line":151,"column":2},"end":{"line":151,"column":39}},"32":{"start":{"line":152,"column":2},"end":{"line":152,"column":39}},"33":{"start":{"line":156,"column":0},"end":{"line":165,"column":1}},"34":{"start":{"line":157,"column":2},"end":{"line":164,"column":5}},"35":{"start":{"line":158,"column":4},"end":{"line":158,"column":161}},"36":{"start":{"line":159,"column":4},"end":{"line":163,"column":7}},"37":{"start":{"line":160,"column":6},"end":{"line":160,"column":31}},"38":{"start":{"line":160,"column":24},"end":{"line":160,"column":31}},"39":{"start":{"line":161,"column":32},"end":{"line":161,"column":210}},"40":{"start":{"line":162,"column":6},"end":{"line":162,"column":75}},"41":{"start":{"line":162,"column":29},"end":{"line":162,"column":75}}},"fnMap":{"0":{"name":"Breadcrumb","decl":{"start":{"line":25,"column":9},"end":{"line":25,"column":19}},"loc":{"start":{"line":25,"column":34},"end":{"line":35,"column":1}},"line":25},"1":{"name":"BreadcrumbList","decl":{"start":{"line":37,"column":9},"end":{"line":37,"column":23}},"loc":{"start":{"line":37,"column":49},"end":{"line":47,"column":1}},"line":37},"2":{"name":"BreadcrumbItem","decl":{"start":{"line":49,"column":9},"end":{"line":49,"column":23}},"loc":{"start":{"line":49,"column":49},"end":{"line":59,"column":1}},"line":49},"3":{"name":"BreadcrumbLink","decl":{"start":{"line":61,"column":9},"end":{"line":61,"column":23}},"loc":{"start":{"line":61,"column":58},"end":{"line":72,"column":1}},"line":61},"4":{"name":"BreadcrumbPage","decl":{"start":{"line":74,"column":9},"end":{"line":74,"column":23}},"loc":{"start":{"line":74,"column":49},"end":{"line":87,"column":1}},"line":74},"5":{"name":"BreadcrumbSeparator","decl":{"start":{"line":89,"column":9},"end":{"line":89,"column":28}},"loc":{"start":{"line":89,"column":64},"end":{"line":106,"column":1}},"line":89},"6":{"name":"BreadcrumbEllipsis","decl":{"start":{"line":108,"column":9},"end":{"line":108,"column":27}},"loc":{"start":{"line":108,"column":53},"end":{"line":137,"column":1}},"line":1
[...]
ne":758,"column":23},"end":{"line":758,"column":35}}],"line":758},"9":{"loc":{"start":{"line":764,"column":0},"end":{"line":773,"column":1}},"type":"if","locations":[{"start":{"line":764,"column":0},"end":{"line":773,"column":1}},{"start":{},"end":{}}],"line":764},"10":{"loc":{"start":{"line":764,"column":4},"end":{"line":764,"column":35}},"type":"binary-expr","locations":[{"start":{"line":764,"column":4},"end":{"line":764,"column":19}},{"start":{"line":764,"column":23},"end":{"line":764,"column":35}}],"line":764},"11":{"loc":{"start":{"line":768,"column":6},"end":{"line":768,"column":31}},"type":"if","locations":[{"start":{"line":768,"column":6},"end":{"line":768,"column":31}},{"start":{},"end":{}}],"line":768},"12":{"loc":{"start":{"line":770,"column":6},"end":{"line":770,"column":75}},"type":"if","locations":[{"start":{"line":770,"column":6},"end":{"line":770,"column":75}},{"start":{},"end":{}}],"line":770}},"s":{"0":1,"1":1,"2":1,"3":0,"4":1,"5":1,"6":1,"7":1,"8":1,"9":1,"10":10,"11":10,"12":10,"13":10,"14":2,"15":2,"16":2,"17":10,"18":2,"19":2,"20":2,"21":2,"22":2,"23":10,"24":2,"25":8,"26":12,"27":1,"28":1,"29":1,"30":1,"31":1,"32":1,"33":1,"34":1,"35":1,"36":1,"37":0,"38":0,"39":0,"40":0,"41":0},"f":{"0":10,"1":2,"2":2,"3":2,"4":2,"5":2,"6":2,"7":12,"8":1,"9":0},"b":{"0":[1,0],"1":[1,0],"2":[1,1],"3":[0,1],"4":[2,8],"5":[8,0],"6":[4,4],"7":[1,0],"8":[1,1],"9":[1,0],"10":[1,1],"11":[0,0],"12":[0,0]},"inputSourceMap":{"version":3,"mappings":";;;;;;;;;;;;;;;;;;;;;AAAA,SAASA,SAAS,EAAEC,QAAQ,QAAQ,QAAO;AAK3C,SAASC,eAAe,QAAQ,yBAAwB;AAExD,SAASC,IAAI,EAAEC,WAAW,QAAQ,4BAA2B;AAC7D,SAASC,QAAQ,QAAQ,gCAA+B;AAExD,OAAO,MAAMC,QAAQJ,gBAAgB,KAAK;IACxCK,WAAWC;AACb,GAAE;AAEF,eAAe,SAASA;;IACtB,MAAM,CAACC,MAAMC,QAAQ,GAAGT;IACxB,MAAM,CAACU,QAAQC,UAAU,GAAGX;IAE5BD,UAAU;QACR,KAAKa,MAAM,aACRC,IAAI,CAAEC,YAAaA,SAASC,IAAI,IAChCF,IAAI,CAAEG;YACLP,QAAQ,AAACO,KAAiBC,SAAS,GAAG,MAAM,AAACD,KAAiBE,QAAQ;QACxE;IACJ,GAAG,EAAE;IAELnB,UAAU;QACR,KAAKa,MAAM,mCAAmC;YAC5CO,QAAQ;YACRC,SAAS;gBACP,gBAAgB;YAClB;YACAC,MAAMC,KAAKC,SAAS,CAAC;gBACnBC,OAAO;;;;;;YAMf;YACM;QACF,GACGX,IAAI,CAAEC,YAAaA,SAASC,IAAI,IAChCF,IAAI,CAAEG;YACL,MAAMS,YAAYT;YAClB,MAAMN,SAASe,UAAUT,IAAI,CAACN,MAAM;YACpCC,UAAU;mBAAID;aAAO;QACvB;IACJ,GAAG,EAAE;IAEL,IAAI,CAACF,MAAM,qBAAO,QAACkB;kBAAE;;;;;;IAErB,qBACE,QAACC;QAAIC,WAAU;;0BACb,QAACD;gBAAIC,WAAU;;kCACb,QAACC;wBAAGD,WAAU;;4BAAU;0CACX,QAACE;gCAAKF,WAAU;0CAAgB;;;;;;;;;;;;kCAE7C,QAACG;wBAAQH,WAAU;;0CACjB,QAACF;gCAAEE,WAAU;;oCAAuB;kDACxB,QAACI;kDAAE;;;;;;oCAAY;kDAAK,QAACC;kDAAE;;;;;;oCAAoC;;;;;;;0CAIvE,QAACP;gCAAEE,WAAU;0CAAuB;;;;;;;;;;;;;;;;;;0BASxC,QAACD;gBAAIC,WAAU;;kCACb,QAACC;wBAAGD,WAAU;;4BAAiB;4BACO;0CACpC,QAACF;gCAAEE,WAAU;0CAAwB;;;;;;;;;;;;kCAEvC,QAAC1B;wBAAK0B,WAAU;kCACd,sBAACzB;4BAAYyB,WAAU;;gCACpBpB,qBACC,QAACqB;oCAAGK,IAAG;oCAAWN,WAAU;;wCAAU;sDAC7B,QAACE;4CAAKF,WAAU;sDAAqBpB;;;;;;wCAAY;;;;;;yDAG1D,QAACJ;oCAASwB,WAAU;;;;;;gCAGrBlB,uBACC,QAACiB;oCAAIC,WAAU;;sDACb,QAACO;4CAAGP,WAAU;sDAAW;;;;;;sDACzB,QAACQ;4CACCF,IAAG;4CACHN,WAAU;sDAETlB,OAAO2B,GAAG,CAAEC,uBACX,QAACC;8DACC,sBAACrC;wDAAK0B,WAAU;kEACd,sBAACF;sEAAGY,MAAME,KAAK;;;;;;;;;;;mDAFVF,MAAME,KAAK;;;;;;;;;;;;;;;yDAS1B,QAACb;oCAAIC,WAAU;8CACb,sBAACxB;wCAASwB,WAAU;;;;;;;;;;;;;;;;;;;;;;;;;;;;0BAO9B,QAACD;gBAAIC,WAAU;;kCACb,QAACC;wBAAGD,WAAU;;4BAAiB;0CAE7B,QAACF;gCAAEE,WAAU;;oCAAuB;kDAElC,QAACQ;wCAAGR,WAAU;;0DACZ,QAACW;0DAAG;;;;;;0DACJ,QAACA;0DAAG;;;;;;;;;;;;kDAEN,QAACT;wCAAKF,WAAU;kDAAQ;;;;;;;;;;;;;;;;;;kCAG5B,QAAC1B;wBAAK0B,WAAU;kCACd,sBAACzB;4BAAYyB,WAAU;;8CACrB,QAACD;oCAAIC,WAAU;;sDACb,QAACF;4CAAEE,WAAU;sDAAW;;;;;;sDACxB,QAACF;4CAAEE,WAAU;sDAAW;;;;;;sDACxB,QAACF;4CAAEE,WAAU;sDAAW;;;;;;;;;;;;8CAE1B,QAACD;oCAAIC,WAAU;;sDACb,QAACF;4CAAEE,WAAU;sDAAa;;;;;;sDAC1B,QAACF;4CAAEE,WAAU;sDAAa;;;;;;sDAC1B,QAACF;4CAAEE,WAAU;sDAAa;;;;;;;;;;;;8CAE5B,QAACD;oCAAIC,WAAU;;sDACb,QAACF;4CAAEE,WAAU;sDAAU;;;;;;sDACvB,QAACF;4CAAEE,WAAU;sDAAU;;;;;;sDACvB,QAACF;4CAAEE,WAAU;sDAAU;;;;;;;;;;;;8CAEzB,QAACD;oCAAIC,WAAU;;sDACb,QAACF;4CAAEE,WAAU;sDAAM;;;;;;sDACnB,QAACF;4CAAEE,WAAU;sDAAM;;;;;;sDACnB,QAACF;4CAAEE,WAAU;sDAAM;;;;;;;;;;;;;;;;;;;;;;;;;;;;;0BAM3B,QAACD;gBAAIC,WAAU;;kCACb,QAACC;wBAAGD,WAAU;;4BAAiB;0CAE7B,QAACF;gCAAEE,WAAU;;oCAAuB;oCACzB;kDACT,QAACa;wCAAEC,MAAK;kDAAwD;;;;;;oCAE7D;;;;;;;;;;;;;kCAKP,QAACxC;wBAAK0B,WAAU;kCACd,sBAACzB;4BAAYyB,WAAU;sCACrB,sBAACG;gCAAQH,WAAU;;kDACjB,QAACC;kDAAG;;;;;;kDACJ,QAACH;kDAAC;;;;;;kDAKF,QAACA;kDAAC;;;;;;;;;;;;;;;;;;;;;;;;;;;;0BASV,QAACC;gBAAIC,WAAU;;kCACb,QAACC;wBAAGD,WAAU;kCAAkB;;;;;;kCAChC,QAAC1B;wBAAK0B,WAAU;kCACd,sBAACzB;4BAAYyB,WAAU;;8CACrB,QAACD;oCAAIC,WAAU;;sDACb,QAACe;4CAAGf,WAAU;sDAAqB;;;;;;sDACnC,QAACF;sDAAC;;;;;;sDAKF,QAACA;;gDAAC;8DAIA,QAACkB;oDAAKhB,WAAU;8DAAY;;;;;;gDAA2B;;;;;;;;;;;;;8CAG3D,QAACD;oCAAIC,WAAU;;sDACb,QAACe;4CAAGf,WAAU;sDAAqB;;;;;;sDACnC,QAACF;;gDAAC;gDAEiE;8DACjE,QAACkB;oDAAKhB,WAAU;8DAAY;;;;;;gDAAuB;;;;;;;sDAErD,QAACF;sDAAC;;;;;;;;;;;;;;;;;;;;;;;;;;;;;0BASV,QAACC;gBAAIC,WAAU;;kCACb,QAACC;wBAAGD,WAAU;kCAAkB;;;;;;kCAChC,QAAC1B;wBAAK0B,WAAU;kCACd,sBAACzB;4BAAYyB,WAAU;sCACrB,sBAACD;gCAAIC,WAAU;;kDACb,QAACe;wCAAGf,WAAU;kDAAqB;;;;;;kDACnC,QAACF;;4CAAC;4CAE6D;0DAC7D,QAACkB;gDAAKhB,WAAU;0DAAY;;;;;;4CAAyB;;;;;;;;;;;;;;;;;;;;;;;;;;;;;;;;;;;AAQrE;GA1NwBrB;KAAAA","names":["useEffect","useState","createFileRoute","Card","CardContent","Skeleton","Route","component","Index","name","setName","movies","setMovies","fetch","then","response","json","data","firstName","lastName","method","headers","body","JSON","stringify","query","typedData","p","div","className","h1","span","article","b","i","id","h2","ul","map","movie","li","title","a","href","h3","code"],"ignoreList":[],"sources":["/Users/amarxer/git/blogs-code/vite-react-ts-shadcn-ui/src/routes/index.tsx"],"file":"/Users/amarxer/git/blogs-code/vite-react-ts-shadcn-ui/src/routes/index.tsx"},"_coverageSchema":"1a1c01bbd47fc00a2c39e90264f33305004495a9","hash":"f710759da73955f407bd11430c01ab4afbb3681f"},"/Users/amarxer/git/blogs-code/vite-react-ts-shadcn-ui/src/routeTree.gen.ts":{"path":"/Users/amarxer/git/blogs-code/vite-react-ts-shadcn-ui/src/routeTree.gen.ts","statementMap":{"0":{"start":{"line":11,"column":19},"end":{"line":15,"column":2}},"1":{"start":{"line":14,"column":24},"end":{"line":14,"column":33}},"2":{"start":{"line":16,"column":19},"end":{"line":20,"column":2}},"3":{"start":{"line":19,"column":24},"end":{"line":19,"column":33}},"4":{"start":{"line":21,"column":26},"end":{"line":24,"column":1}},"5":{"start":{"line":25,"column":25},"end":{"line":25,"column":86}}},"fnMap":{"0":{"name":"(anonymous_0)","decl":{"start":{"line":14,"column":20},"end":{"line":14,"column":21}},"loc":{"start":{"line":14,"column":24},"end":{"line":14,"column":33}},"line":14},"1":{"name":"(anonymous_1)","decl":{"start":{"line":19,"column":20},"end":{"line":19,"column":21}},"loc":{"start":{"line":19,"column":24},"end":{"line":19,"column":33}},"line":19}},"branchMap":{},"s":{"0":1,"1":1,"2":1,"3":1,"4":1,"5":1},"f":{"0":1,"1":1},"b":{},"inputSourceMap":{"version":3,"sources":["/Users/amarxer/git/blogs-code/vite-react-ts-shadcn-ui/src/routeTree.gen.ts"],"names":["Route","rootRoute","AboutImport","IndexImport","AboutRoute","update","id","path","getParentRoute","IndexRoute","rootRouteChildren","routeTree","_addFileChildren","_addFileTypes"],"mappings":"AAAA,kBAAkB,GAElB,cAAc;AAEd,qCAAqC;AAErC,4DAA4D;AAC5D,0EAA0E;AAC1E,kIAAkI;AAElI,gBAAgB;AAEhB,SAASA,SAASC,SAAS,QAAQ,kBAAiB;AACpD,SAASD,SAASE,WAAW,QAAQ,iBAAgB;AACrD,SAASF,SAASG,WAAW,QAAQ,iBAAgB;AAErD,uBAAuB;AAEvB,MAAMC,aAAaF,YAAYG,MAAM,CAAC;IACpCC,IAAI;IACJC,MAAM;IACNC,gBAAgB,IAAMP;AACxB;AAEA,MAAMQ,aAAaN,YAAYE,MAAM,CAAC;IACpCC,IAAI;IACJC,MAAM;IACNC,gBAAgB,IAAMP;AACxB;AAuDA,MAAMS,oBAAuC;IAC3CD,YAAYA;IACZL,YAAYA;AACd;AAEA,OAAO,MAAMO,YAAYV,UACtBW,gBAAgB,CAACF,mBACjBG,aAAa,GAEhB;;;;;;;;;;;;;;;;;;mBAkBmB,IApBe"},"_coverageSchema":"1a1c01bbd47fc00a2c39e90264f33305004495a9","hash":"09238dc465952bc7e791bd3f605170f59bdb5990"},"/Users/amarxer/git/blogs-code/vite-react-ts-shadcn-ui/src/app.tsx":{"path":"/Users/amarxer/git/blogs-code/vite-react-ts-shadcn-ui/src/app.tsx","statementMap":{"0":{"start":{"line":2,"column":20},"end":{"line":2,"column":97}},"1":{"start":{"line":7,"column":0},"end":{"line":18,"column":1}},"2":{"start":{"line":8,"column":2},"end":{"line":12,"column":3}},"3":{"start":{"line":9,"column":4},"end":{"line":11,"column":6}},"4":{"start":{"line":14,"column":2},"end":{"line":14,"column":39}},"5":{"start":{"line":15,"column":2},"end":{"line":15,"column":39}},"6":{"start":{"line":16,"column":2},"end":{"line":16,"column":122}},"7":{"start":{"line":17,"column":2},"end":{"line":17,"column":75}},"8":{"start":{"line":21,"column":9},"end":{"line":21,"column":23}},"9":{"start":{"line":28,"column":15},"end":{"line":30,"column":2}},"10":{"start":{"line":32,"column":4},"end":{"line":32,"column":9}},"11":{"start":{"line":33,"column":21},"end":{"line":33,"column":59}},"12":{"start":{"line":33,"column":44},"end":{"line":33,"column":58}},"13":{"start":{"line":34,"column":4},"end":{"line":37,"column":11}},"14":{"start":{"line":35,"column":22},"end":{"line":35,"column":52}},"15":{"start":{"line":36,"column":8},"end":{"line":36,"column":24}},"16":{"start":{"line":38,"column":4},"end":{"line":50,"column":13}},"17":{"start":{"line":52,"column":0},"end":{"line":56,"column":3}},"18":{"start":{"line":53,"column":4},"end":{"line":55,"column":6}},"19":{"start":{"line":57,"column":0},"end":{"line":57,"column":9}},"20":{"start":{"line":60,"column":0},"end":{"line":60,"column":24}},"21":{"start":{"line":63,"column":0},"end":{"line":66,"column":1}},"22":{"start":{"line":64,"column":2},"end":{"line":64,"column":39}},"23":{"start":{"line":65,"column":2},"end":{"line":65,"column":39}},"24":{"start":{"line":69,"column":0},"end":{"line":78,"column":1}},"25":{"start":{"line":70,"column":2},"end":{"line":77,"column":5}},"26":{"start":{"line":71,"column":4},"end":{"line":71,"column":135}},"27":{"start":{"line":72,"column":4},"end":{"line":76,"column":7}},"28":{"start":{"line":73,"column":6},"end":{"line":73,"column":31}},"29":{"start":{"line":73,"column":24},"end":{"line":73,"column":31}},"30":{"start":{"line":74,"column":32},"end":{"line":74,"column":184}},"31":{"start":{"line":75,"column":6},"end":{"line":75,"column":75}},"32":{"start":{"line":75,"column":29},"end":{"line":75,"column":75}}},"fnMap":{"0":{"name":"App","decl":{"start":{"line":31,"column":9},"end":{"line":31,"column":12}},"loc":{"start":{"line":31,"column":15},"end":{"line":51,"column":1}},"line":31},"1":{"name":"(anonymous_1)","decl":{"start":{"line":33,"column":35},"end":{"line":33,"column":36}},"loc":{"start":{"line":33,"column":44},"end":{"line":33,"column":58}},"line":33},"2":{"name":"(anonymous_2)","decl":{"start":{"line":34,"column":14},"end":{"line":34,"column":15}},"loc":{"start":{"line":34,"column":18},"end":{"line":37,"column":5}},"line":34},"3":{"name":"(anonymous_3)","decl":{"start":{"line":52,"column":47},"end":{"line":52,"column":48}},"loc":{"start":{"line":52,"column":58},"end":{"line":56,"column":1}},"line":52},"4":{"name":"(anonymous_4)","decl":{"start":{"line":70,"column":52},"end":{"line":70,"column":53}},"loc":{"start":{"line":70,"column":72},"end":{"line":77,"column":3}},"line":70},"5":{"name":"(anonymous_5)","decl":{"start":{"line":72,"column":27},"end":{"line":72,"column":28}},"loc":{"start":{"line":72,"column":44},"end":{"line":76,"column":5}},"line":72}},"branchMap":{"0":{"loc":{"start":{"line":2,"column":20},"end":{"line":2,"column":97}},"type":"binary-expr","locations":[{"start":{"line":2,"column":20},"end":{"line":2,"column":60}},{"start":{"line":2,"column":64},"end":{"line":2,"column":97}}],"line":2},"1":{"loc":{"start":{"line":7,"column":0},"end":{"line":18,"column":1}},"type":"if","locations":[{"start":{"line":7,"column":0},"end":{"line":18,"column":1}},{"start":{},"end":{}}],"line":7},"2":{"loc":{"start":{"line":7,"column":4},"end":{"line":7,"column":35}},"type":"binary-expr","locations":[{"start":{"line":7,"column":4},"end":{"line":7,"column":19}},{"start":{"line":7,"column":23},"end":{"line":7,"column":35}}],"line":7},"3":{"loc":{"start":{"line":8,"column":2},"end":{"line":12,"column":3}},"type":"if","locations":[{"start":{"line":8,"column":2},"end":{"line":12,"column":3}},{"start":{},"end":{}}],"line":8},"4":{"loc":{"start":{"line":63,"column":0},"end":{"line":66,"column":1}},"type":"if","locations":[{"start":{"line":63,"column":0},"end":{"line":66,"column":1}},{"start":{},"end":{}}],"line":63},"5":{"loc":{"start":{"line":63,"column":4},"end":{"line":63,"column":35}},"type":"binary-expr","locations":[{"start":{"line":63,"column":4},"end":{"line":63,"column":19}},{"start":{"line":63,"column":23},"end":{"line":63,"column":35}}],"line":63},"6":{"loc":{"start":{"line":69,"column":0},"end":{"line":78,"column":1}},"type":"if","locations":[{"start":{"line":69,"column":0},"end":{"line":78,"column":1}},{"start":{},"end":{}}],"line":69},"7":{"loc":{"start":{"line":69,"column":4},"end":{"line":69,"column":35}},"type":"binary-expr","locations":[{"start":{"line":69,"column":4},"end":{"line":69,"column":19}},{"start":{"line":69,"column":23},"end":{"line":69,"column":35}}],"line":69},"8":{"loc":{"start":{"line":73,"column":6},"end":{"line":73,"column":31}},"type":"if","locations":[{"start":{"line":73,"column":6},"end":{"line":73,"column":31}},{"start":{},"end":{}}],"line":73},"9":{"loc":{"start":{"line":75,"column":6},"end":{"line":75,"column":75}},"type":"if","locations":[{"start":{"line":75,"column":6},"end":{"line":75,"column":75}},{"start":{},"end":{}}],"line":75}},"s":{"0":1,"1":1,"2":1,"3":0,"4":1,"5":1,"6":1,"7":1,"8":1,"9":1,"10":1,"11":1,"12":4,"13":1,"14":1,"15":1,"16":1,"17":1,"18":1,"19":1,"20":1,"21":1,"22":1,"23":1,"24":1,"25":1,"26":1,"27":1,"28":0,"29":0,"30":0,"31":0,"32":0},"f":{"0":1,"1":4,"2":1,"3":1,"4":1,"5":0},"b":{"0":[1,0],"1":[1,0],"2":[1,1],"3":[0,1],"4":[1,0],"5":[1,1],"6":[1,0],"7":[1,1],"8":[0,0],"9":[0,0]},"inputSourceMap":{"version":3,"sources":["/Users/amarxer/git/blogs-code/vite-react-ts-shadcn-ui/src/app.tsx"],"names":["StrictMode","useEffect","createRouter","RouterProvider","routeTree","useThemeStore","router","App","setTheme","state","theme","getState"],"mappings":";;;;;;;;;;;;;;;;;;;;;AAAA,SAASA,UAAU,EAAEC,SAAS,QAAQ,QAAQ;AAE9C,SAASC,YAAY,EAAEC,cAAc,QAAQ,yBAAyB;AAEtE,kCAAkC;AAClC,SAASC,SAAS,QAAQ,kBAAkB;AAC5C,SAASC,aAAa,QAAQ,iBAAiB;AAE/C,+BAA+B;AAC/B,MAAMC,SAASJ,aAAa;IAAEE;AAAU;AAQxC,SAASG;;IACP,MAAMC,WAAWH,cAAc,CAACI,QAAUA,MAAMD,QAAQ;IAExDP,UAAU;QACR,MAAMS,QAAQL,cAAcM,QAAQ,GAAGD,KAAK;QAC5CF,SAASE;IACX,GAAG,EAAE;IACL,qBACE,QAACV;kBACC,cAAA,QAACG;YAAeG,QAAQA;;;;;;;;;;;AAG9B;GAZSC;;QACUF;;;KADVE;AAcT,eAAeA,IAAI"},"_coverageSchema":"1a1c01bbd47fc00a2c39e90264f33305004495a9","hash":"3b339d3cdec79124e795ff2bced3749bed1e25f5"},"/Users/amarxer/git/blogs-code/vite-react-ts-shadcn-ui/src/mocks/enable-mocking-if-needed.ts":{"path":"/Users/amarxer/git/blogs-code/vite-react-ts-shadcn-ui/src/mocks/enable-mocking-if-needed.ts","statementMap":{"0":{"start":{"line":2,"column":4},"end":{"line":4,"column":5}},"1":{"start":{"line":3,"column":8},"end":{"line":3,"column":15}},"2":{"start":{"line":5,"column":4},"end":{"line":5,"column":63}},"3":{"start":{"line":6,"column":23},"end":{"line":6,"column":54}},"4":{"start":{"line":8,"column":4},"end":{"line":11,"column":5}},"5":{"start":{"line":9,"column":8},"end":{"line":9,"column":76}},"6":{"start":{"line":10,"column":8},"end":{"line":10,"column":15}},"7":{"start":{"line":12,"column":4},"end":{"line":12,"column":26}}},"fnMap":{"0":{"name":"enableMockingIfNeeded","decl":{"start":{"line":1,"column":22},"end":{"line":1,"column":43}},"loc":{"start":{"line":1,"column":46},"end":{"line":13,"column":1}},"line":1}},"branchMap":{"0":{"loc":{"start":{"line":2,"column":4},"end":{"line":4,"column":5}},"type":"if","locations":[{"start":{"line":2,"column":4},"end":{"line":4,"column":5}},{"start":{},"end":{}}],"line":2},"1":{"loc":{"start":{"line":8,"column":4},"end":{"line":11,"column":5}},"type":"if","locations":[{"start":{"line":8,"column":4},"end":{"line":11,"column":5}},{"start":{},"end":{}}],"line":8}},"s":{"0":1,"1":0,"2":1,"3":1,"4":1,"5":0,"6":0,"7":1},"f":{"0":1},"b":{"0":[0,1],"1":[0,1]},"inputSourceMap":{"version":3,"sources":["/Users/amarxer/git/blogs-code/vite-react-ts-shadcn-ui/src/mocks/enable-mocking-if-needed.ts"],"names":["enableMockingIfNeeded","env","PROD","console","info","worker","error","start"],"mappings":"AAAA,OAAO,eAAeA;IACpB,IAAI,YAAYC,GAAG,CAACC,IAAI,EAAE;QACxB;IACF;IAEAC,QAAQC,IAAI,CAAC;IAEb,MAAM,EAAEC,MAAM,EAAE,GAAG,MAAM,MAAM,CAAC;IAEhC,kGAAkG;IAClG,IAAI,CAACA,QAAQ;QACXF,QAAQG,KAAK,CAAC;QACd;IACF;IACA,OAAOD,OAAOE,KAAK;AACrB"},"_coverageSchema":"1a1c01bbd47fc00a2c39e90264f33305004495a9","hash":"24a08708d27c08db4e3c321828e3a0d9a4191c95"},"/Users/amarxer/git/blogs-code/vite-react-ts-shadcn-ui/src/main.tsx":{"path":"/Users/amarxer/git/blogs-code/vite-react-ts-shadcn-ui/src/main.tsx","statementMap":{"0":{"start":{"line":7,"column":18},"end":{"line":7,"column":49}},"1":{"start":{"line":8,"column":13},"end":{"line":8,"column":34}},"2":{"start":{"line":9,"column":0},"end":{"line":9,"column":30}},"3":{"start":{"line":10,"column":0},"end":{"line":14,"column":10}}},"fnMap":{},"branchMap":{},"s":{"0":1,"1":1,"2":1,"3":1},"f":{},"b":{},"inputSourceMap":{"version":3,"sources":["/Users/amarxer/git/blogs-code/vite-react-ts-shadcn-ui/src/main.tsx"],"names":["createRoot","App","enableMockingIfNeeded","container","document","querySelector","root","render"],"mappings":";AAAA,OAAO,uBAAuB;AAC9B,OAAO,sBAAsB;AAE7B,SAASA,UAAU,QAAQ,mBAAmB;AAE9C,OAAOC,SAAS,QAAQ;AACxB,SAASC,qBAAqB,QAAQ,mCAAmC;AAEzE,MAAMC,YAAYC,SAASC,aAAa,CAAC;AACzC,MAAMC,OAAON,WAAWG;AAExB,MAAMD;AACNI,KAAKC,MAAM,eAAC,QAACN"},"_coverageSchema":"1a1c01bbd47fc00a2c39e90264f33305004495a9","hash":"a019d836c4fc54eeef239a1adc42d7fa0a64db84"},"/Users/amarxer/git/blogs-code/vite-react-ts-shadcn-ui/src/mocks/handler.ts":{"path":"/Users/amarxer/git/blogs-code/vite-react-ts-shadcn-ui/src/mocks/handler.ts","statementMap":{"0":{"start":{"line":2,"column":24},"end":{"line":27,"column":1}},"1":{"start":{"line":4,"column":8},"end":{"line":8,"column":11}},"2":{"start":{"line":11,"column":8},"end":{"line":25,"column":11}}},"fnMap":{"0":{"name":"(anonymous_0)","decl":{"start":{"line":3,"column":26},"end":{"line":3,"column":27}},"loc":{"start":{"line":3,"column":30},"end":{"line":9,"column":5}},"line":3},"1":{"name":"(anonymous_1)","decl":{"start":{"line":10,"column":32},"end":{"line":10,"column":33}},"loc":{"start":{"line":10,"column":36},"end":{"line":26,"column":5}},"line":10}},"branchMap":{},"s":{"0":1,"1":2,"2":2},"f":{"0":2,"1":2},"b":{},"inputSourceMap":{"version":3,"sources":["/Users/amarxer/git/blogs-code/vite-react-ts-shadcn-ui/src/mocks/handler.ts"],"names":["graphql","http","HttpResponse","handlers","get","json","id","firstName","lastName","query","data","movies","title"],"mappings":"AAAA,SAASA,OAAO,EAAEC,IAAI,EAAEC,YAAY,QAAQ,MAAM;AAElD,OAAO,MAAMC,WAAW;IACtBF,KAAKG,GAAG,CAAC,aAAa;QACpB,OAAOF,aAAaG,IAAI,CAAC;YACvBC,IAAI;YACJC,WAAW;YACXC,UAAU;QACZ;IACF;IACAR,QAAQS,KAAK,CAAC,cAAc;QAC1B,OAAOP,aAAaG,IAAI,CAAC;YACvBK,MAAM;gBACJC,QAAQ;oBACN;wBACEC,OAAO;oBACT;oBACA;wBACEA,OAAO;oBACT;oBACA;wBACEA,OAAO;oBACT;iBACD;YACH;QACF;IACF;CACD,CAAC"},"_coverageSchema":"1a1c01bbd47fc00a2c39e90264f33305004495a9","hash":"a2bb57cbc16287f86ae10b2ddeb0d2cfac94be24"},"/Users/amarxer/git/blogs-code/vite-react-ts-shadcn-ui/src/mocks/browser.ts":{"path":"/Users/amarxer/git/blogs-code/vite-react-ts-shadcn-ui/src/mocks/browser.ts","statementMap":{"0":{"start":{"line":3,"column":15},"end":{"line":3,"column":39}},"1":{"start":{"line":4,"column":0},"end":{"line":4,"column":27}}},"fnMap":{},"branchMap":{},"s":{"0":1,"1":1},"f":{},"b":{},"inputSourceMap":{"version":3,"sources":["/Users/amarxer/git/blogs-code/vite-react-ts-shadcn-ui/src/mocks/browser.ts"],"names":["setupWorker","handlers","worker","globalThis"],"mappings":"AAAA,SAASA,WAAW,QAAQ,cAAc;AAE1C,SAASC,QAAQ,QAAQ,YAAY;AAErC,MAAMC,SAASF,eAAeC;AAC9BE,WAAWD,MAAM,GAAGA;AAEpB,SAASA,MAAM,GAAG"},"_coverageSchema":"1a1c01bbd47fc00a2c39e90264f33305004495a9","hash":"6b86070045191da4040b22c8dcbbcb301e1e5548"}}